INFO 2025-09-07 12:04:02,557 [logs.py (dispatch)] REQUEST FROM Address(host='176.15.166.195', port=0) TO https://suidk1-176-15-166-195.ru.tuna.am/api/v1/user?telegram_id=2054556183
INFO 2025-09-07 12:04:30,423 [logs.py (dispatch)] REQUEST FROM Address(host='176.15.166.195', port=0) TO https://suidk1-176-15-166-195.ru.tuna.am/api/v1/user?telegram_id=2054556183
INFO 2025-09-07 12:04:30,840 [logs.py (dispatch)] REQUEST FROM Address(host='176.15.166.195', port=0) TO https://suidk1-176-15-166-195.ru.tuna.am/api/v1/skin/search?offset=0&limit=5&query=Leet+Museo
INFO 2025-09-07 12:04:34,837 [logs.py (dispatch)] REQUEST FROM Address(host='176.15.166.195', port=0) TO https://suidk1-176-15-166-195.ru.tuna.am/api/v1/user?telegram_id=2054556183
INFO 2025-09-07 12:04:35,285 [logs.py (dispatch)] REQUEST FROM Address(host='176.15.166.195', port=0) TO https://suidk1-176-15-166-195.ru.tuna.am/api/v1/skin/search?offset=5&limit=5&query=Leet+Museo
INFO 2025-09-07 12:04:38,058 [logs.py (dispatch)] REQUEST FROM Address(host='176.15.166.195', port=0) TO https://suidk1-176-15-166-195.ru.tuna.am/api/v1/user?telegram_id=2054556183
INFO 2025-09-07 12:04:38,513 [logs.py (dispatch)] REQUEST FROM Address(host='176.15.166.195', port=0) TO https://suidk1-176-15-166-195.ru.tuna.am/api/v1/skin/search?offset=10&limit=5&query=Leet+Museo
INFO 2025-09-07 12:04:41,505 [logs.py (dispatch)] REQUEST FROM Address(host='176.15.166.195', port=0) TO https://suidk1-176-15-166-195.ru.tuna.am/api/v1/user?telegram_id=2054556183
INFO 2025-09-07 12:04:43,967 [logs.py (dispatch)] REQUEST FROM Address(host='176.15.166.195', port=0) TO https://suidk1-176-15-166-195.ru.tuna.am/api/v1/user?telegram_id=2054556183
INFO 2025-09-07 12:04:44,470 [logs.py (dispatch)] REQUEST FROM Address(host='176.15.166.195', port=0) TO https://suidk1-176-15-166-195.ru.tuna.am/api/v1/skin/search?offset=0&limit=5&query=Leet+Museo
INFO 2025-09-07 12:04:47,640 [logs.py (dispatch)] REQUEST FROM Address(host='176.15.166.195', port=0) TO https://suidk1-176-15-166-195.ru.tuna.am/api/v1/user?telegram_id=2054556183
INFO 2025-09-07 12:04:48,092 [logs.py (dispatch)] REQUEST FROM Address(host='176.15.166.195', port=0) TO https://suidk1-176-15-166-195.ru.tuna.am/api/v1/user/portfolio?telegram_id=2054556183&skin_name=AK-47+%7C+Leet+Museo+%28Well-Worn%29
INFO 2025-09-07 12:05:00,233 [logs.py (dispatch)] REQUEST FROM Address(host='176.15.166.195', port=0) TO https://suidk1-176-15-166-195.ru.tuna.am/api/v1/user?telegram_id=2054556183
INFO 2025-09-07 12:05:00,641 [logs.py (dispatch)] REQUEST FROM Address(host='176.15.166.195', port=0) TO https://suidk1-176-15-166-195.ru.tuna.am/api/v1/user/portfolio?telegram_id=2054556183&skin_name=AK-47+%7C+Leet+Museo+%28Well-Worn%29
INFO 2025-09-07 12:05:07,896 [logs.py (dispatch)] REQUEST FROM Address(host='176.15.166.195', port=0) TO https://suidk1-176-15-166-195.ru.tuna.am/api/v1/user?telegram_id=2054556183
INFO 2025-09-07 12:05:08,564 [logs.py (dispatch)] REQUEST FROM Address(host='176.15.166.195', port=0) TO https://suidk1-176-15-166-195.ru.tuna.am/api/v1/skin/search?offset=5&limit=5&query=Leet+Museo
INFO 2025-09-07 12:05:12,715 [logs.py (dispatch)] REQUEST FROM Address(host='176.15.166.195', port=0) TO https://suidk1-176-15-166-195.ru.tuna.am/api/v1/user?telegram_id=2054556183
INFO 2025-09-07 12:05:13,277 [logs.py (dispatch)] REQUEST FROM Address(host='176.15.166.195', port=0) TO https://suidk1-176-15-166-195.ru.tuna.am/api/v1/skin/search?offset=0&limit=5&query=Leet+Museo
INFO 2025-09-07 12:05:37,766 [logs.py (dispatch)] REQUEST FROM Address(host='127.0.0.1', port=65319) TO http://127.0.0.1:8085/api/v1/skin/search?query=Leet%20Museo&offset=10&limit=5
INFO 2025-09-07 12:05:42,555 [logs.py (dispatch)] REQUEST FROM Address(host='127.0.0.1', port=65319) TO http://127.0.0.1:8085/api/v1/skin/search?query=Leet%20Museo&offset=0&limit=5
INFO 2025-09-07 12:07:09,587 [logs.py (dispatch)] REQUEST FROM Address(host='127.0.0.1', port=50180) TO http://127.0.0.1:8085/api/v1/skin/search?query=Leet%20Museo&offset=0&limit=5
INFO 2025-09-07 12:07:34,688 [logs.py (dispatch)] REQUEST FROM Address(host='176.15.166.195', port=0) TO https://suidk1-176-15-166-195.ru.tuna.am/api/v1/user?telegram_id=2054556183
INFO 2025-09-07 12:07:38,474 [logs.py (dispatch)] REQUEST FROM Address(host='176.15.166.195', port=0) TO https://suidk1-176-15-166-195.ru.tuna.am/api/v1/user?telegram_id=2054556183
INFO 2025-09-07 12:07:38,961 [logs.py (dispatch)] REQUEST FROM Address(host='176.15.166.195', port=0) TO https://suidk1-176-15-166-195.ru.tuna.am/api/v1/skin/search?offset=0&limit=5&query=Leet+Museo
INFO 2025-09-07 12:10:12,050 [logs.py (dispatch)] REQUEST FROM Address(host='176.15.166.195', port=0) TO https://suidk1-176-15-166-195.ru.tuna.am/api/v1/user?telegram_id=2054556183
INFO 2025-09-07 12:10:16,238 [logs.py (dispatch)] REQUEST FROM Address(host='176.15.166.195', port=0) TO https://suidk1-176-15-166-195.ru.tuna.am/api/v1/user?telegram_id=2054556183
INFO 2025-09-07 12:10:16,653 [logs.py (dispatch)] REQUEST FROM Address(host='176.15.166.195', port=0) TO https://suidk1-176-15-166-195.ru.tuna.am/api/v1/skin/search?offset=0&limit=5&query=Leet+Museo
INFO 2025-09-07 12:11:18,304 [logs.py (dispatch)] REQUEST FROM Address(host='176.15.166.195', port=0) TO https://suidk1-176-15-166-195.ru.tuna.am/api/v1/user?telegram_id=2054556183
INFO 2025-09-07 12:11:22,109 [logs.py (dispatch)] REQUEST FROM Address(host='176.15.166.195', port=0) TO https://suidk1-176-15-166-195.ru.tuna.am/api/v1/user?telegram_id=2054556183
INFO 2025-09-07 12:11:22,576 [logs.py (dispatch)] REQUEST FROM Address(host='176.15.166.195', port=0) TO https://suidk1-176-15-166-195.ru.tuna.am/api/v1/skin/search?offset=0&limit=5&query=Leet+Museo
INFO 2025-09-07 12:13:42,817 [logs.py (dispatch)] REQUEST FROM Address(host='176.15.166.195', port=0) TO https://suidk1-176-15-166-195.ru.tuna.am/api/v1/user?telegram_id=2054556183
INFO 2025-09-07 12:13:46,575 [logs.py (dispatch)] REQUEST FROM Address(host='176.15.166.195', port=0) TO https://suidk1-176-15-166-195.ru.tuna.am/api/v1/user?telegram_id=2054556183
INFO 2025-09-07 12:13:47,011 [logs.py (dispatch)] REQUEST FROM Address(host='176.15.166.195', port=0) TO https://suidk1-176-15-166-195.ru.tuna.am/api/v1/skin/search?offset=0&limit=5&query=Leet+Museo
INFO 2025-09-07 12:13:50,102 [logs.py (dispatch)] REQUEST FROM Address(host='176.15.166.195', port=0) TO https://suidk1-176-15-166-195.ru.tuna.am/api/v1/user?telegram_id=2054556183
INFO 2025-09-07 12:13:50,545 [logs.py (dispatch)] REQUEST FROM Address(host='176.15.166.195', port=0) TO https://suidk1-176-15-166-195.ru.tuna.am/api/v1/skin/search?offset=5&limit=5&query=Leet+Museo
INFO 2025-09-07 12:13:53,522 [logs.py (dispatch)] REQUEST FROM Address(host='176.15.166.195', port=0) TO https://suidk1-176-15-166-195.ru.tuna.am/api/v1/user?telegram_id=2054556183
INFO 2025-09-07 12:13:53,948 [logs.py (dispatch)] REQUEST FROM Address(host='176.15.166.195', port=0) TO https://suidk1-176-15-166-195.ru.tuna.am/api/v1/skin/search?offset=0&limit=5&query=Leet+Museo
INFO 2025-09-07 12:14:00,285 [logs.py (dispatch)] REQUEST FROM Address(host='176.15.166.195', port=0) TO https://suidk1-176-15-166-195.ru.tuna.am/api/v1/user?telegram_id=2054556183
INFO 2025-09-07 12:14:03,424 [logs.py (dispatch)] REQUEST FROM Address(host='176.15.166.195', port=0) TO https://suidk1-176-15-166-195.ru.tuna.am/api/v1/user?telegram_id=2054556183
INFO 2025-09-07 12:14:04,007 [logs.py (dispatch)] REQUEST FROM Address(host='176.15.166.195', port=0) TO https://suidk1-176-15-166-195.ru.tuna.am/api/v1/skin/search?offset=0&limit=5&query=Horixon
INFO 2025-09-07 12:14:12,669 [logs.py (dispatch)] REQUEST FROM Address(host='176.15.166.195', port=0) TO https://suidk1-176-15-166-195.ru.tuna.am/api/v1/user?telegram_id=2054556183
INFO 2025-09-07 12:14:13,126 [logs.py (dispatch)] REQUEST FROM Address(host='176.15.166.195', port=0) TO https://suidk1-176-15-166-195.ru.tuna.am/api/v1/skin/search?offset=0&limit=5&query=Horizon
INFO 2025-09-07 12:14:16,639 [logs.py (dispatch)] REQUEST FROM Address(host='176.15.166.195', port=0) TO https://suidk1-176-15-166-195.ru.tuna.am/api/v1/user?telegram_id=2054556183
INFO 2025-09-07 12:14:17,061 [logs.py (dispatch)] REQUEST FROM Address(host='176.15.166.195', port=0) TO https://suidk1-176-15-166-195.ru.tuna.am/api/v1/skin/search?offset=5&limit=5&query=Horizon
INFO 2025-09-07 12:14:19,927 [logs.py (dispatch)] REQUEST FROM Address(host='176.15.166.195', port=0) TO https://suidk1-176-15-166-195.ru.tuna.am/api/v1/user?telegram_id=2054556183
INFO 2025-09-07 12:14:25,354 [logs.py (dispatch)] REQUEST FROM Address(host='176.15.166.195', port=0) TO https://suidk1-176-15-166-195.ru.tuna.am/api/v1/user?telegram_id=2054556183
INFO 2025-09-07 12:14:25,750 [logs.py (dispatch)] REQUEST FROM Address(host='176.15.166.195', port=0) TO https://suidk1-176-15-166-195.ru.tuna.am/api/v1/user/portfolio?telegram_id=2054556183&skin_name=Horizon+Case
INFO 2025-09-07 12:14:28,772 [logs.py (dispatch)] REQUEST FROM Address(host='176.15.166.195', port=0) TO https://suidk1-176-15-166-195.ru.tuna.am/api/v1/user?telegram_id=2054556183
INFO 2025-09-07 12:14:29,196 [logs.py (dispatch)] REQUEST FROM Address(host='176.15.166.195', port=0) TO https://suidk1-176-15-166-195.ru.tuna.am/api/v1/user/portfolio?telegram_id=2054556183&skin_name=Horizon+Case
INFO 2025-09-07 12:39:29,251 [logs.py (dispatch)] REQUEST FROM Address(host='176.15.166.195', port=0) TO https://v2dlob-176-15-166-195.ru.tuna.am/api/v1/user?telegram_id=2054556183
INFO 2025-09-07 12:39:29,684 [logs.py (dispatch)] REQUEST FROM Address(host='176.15.166.195', port=0) TO https://v2dlob-176-15-166-195.ru.tuna.am/api/v1/user/portfolio?telegram_id=2054556183&offset=0&limit=5
INFO 2025-09-07 12:46:54,342 [logs.py (dispatch)] REQUEST FROM Address(host='176.15.166.195', port=0) TO https://v2dlob-176-15-166-195.ru.tuna.am/api/v1/user?telegram_id=2054556183
INFO 2025-09-07 12:46:54,875 [logs.py (dispatch)] REQUEST FROM Address(host='176.15.166.195', port=0) TO https://v2dlob-176-15-166-195.ru.tuna.am/api/v1/user/portfolio?telegram_id=2054556183&offset=0&limit=5
INFO 2025-09-07 12:47:34,777 [logs.py (dispatch)] REQUEST FROM Address(host='176.15.166.195', port=0) TO https://v2dlob-176-15-166-195.ru.tuna.am/api/v1/user?telegram_id=2054556183
INFO 2025-09-07 12:47:35,224 [logs.py (dispatch)] REQUEST FROM Address(host='176.15.166.195', port=0) TO https://v2dlob-176-15-166-195.ru.tuna.am/api/v1/user/portfolio?telegram_id=2054556183&offset=0&limit=5
ERROR 2025-09-07 12:47:35,337 [logs.py (dispatch)] error
Traceback (most recent call last):
  File "C:\Users\dyadh\OneDrive\пїЅпїЅпїЅпїЅпїЅпїЅпїЅ пїЅпїЅпїЅпїЅ\FastFy\venv\lib\site-packages\starlette\middleware\base.py", line 148, in call_next
    message = await recv_stream.receive()
  File "C:\Users\dyadh\OneDrive\пїЅпїЅпїЅпїЅпїЅпїЅпїЅ пїЅпїЅпїЅпїЅ\FastFy\venv\lib\site-packages\anyio\streams\memory.py", line 126, in receive
    raise EndOfStream from None
anyio.EndOfStream

During handling of the above exception, another exception occurred:

Traceback (most recent call last):
  File "C:\Users\dyadh\OneDrive\пїЅпїЅпїЅпїЅпїЅпїЅпїЅ пїЅпїЅпїЅпїЅ\FastFy\backend\app\api\v1\middleware\logs.py", line 15, in dispatch
    return await call_next(request)
  File "C:\Users\dyadh\OneDrive\пїЅпїЅпїЅпїЅпїЅпїЅпїЅ пїЅпїЅпїЅпїЅ\FastFy\venv\lib\site-packages\starlette\middleware\base.py", line 156, in call_next
    raise app_exc
  File "C:\Users\dyadh\OneDrive\пїЅпїЅпїЅпїЅпїЅпїЅпїЅ пїЅпїЅпїЅпїЅ\FastFy\venv\lib\site-packages\starlette\middleware\base.py", line 141, in coro
    await self.app(scope, receive_or_disconnect, send_no_error)
  File "C:\Users\dyadh\OneDrive\пїЅпїЅпїЅпїЅпїЅпїЅпїЅ пїЅпїЅпїЅпїЅ\FastFy\venv\lib\site-packages\starlette\middleware\exceptions.py", line 62, in __call__
    await wrap_app_handling_exceptions(self.app, conn)(scope, receive, send)
  File "C:\Users\dyadh\OneDrive\пїЅпїЅпїЅпїЅпїЅпїЅпїЅ пїЅпїЅпїЅпїЅ\FastFy\venv\lib\site-packages\starlette\_exception_handler.py", line 53, in wrapped_app
    raise exc
  File "C:\Users\dyadh\OneDrive\пїЅпїЅпїЅпїЅпїЅпїЅпїЅ пїЅпїЅпїЅпїЅ\FastFy\venv\lib\site-packages\starlette\_exception_handler.py", line 42, in wrapped_app
    await app(scope, receive, sender)
  File "C:\Users\dyadh\OneDrive\пїЅпїЅпїЅпїЅпїЅпїЅпїЅ пїЅпїЅпїЅпїЅ\FastFy\venv\lib\site-packages\starlette\routing.py", line 714, in __call__
    await self.middleware_stack(scope, receive, send)
  File "C:\Users\dyadh\OneDrive\пїЅпїЅпїЅпїЅпїЅпїЅпїЅ пїЅпїЅпїЅпїЅ\FastFy\venv\lib\site-packages\starlette\routing.py", line 734, in app
    await route.handle(scope, receive, send)
  File "C:\Users\dyadh\OneDrive\пїЅпїЅпїЅпїЅпїЅпїЅпїЅ пїЅпїЅпїЅпїЅ\FastFy\venv\lib\site-packages\starlette\routing.py", line 288, in handle
    await self.app(scope, receive, send)
  File "C:\Users\dyadh\OneDrive\пїЅпїЅпїЅпїЅпїЅпїЅпїЅ пїЅпїЅпїЅпїЅ\FastFy\venv\lib\site-packages\starlette\routing.py", line 76, in app
    await wrap_app_handling_exceptions(app, request)(scope, receive, send)
  File "C:\Users\dyadh\OneDrive\пїЅпїЅпїЅпїЅпїЅпїЅпїЅ пїЅпїЅпїЅпїЅ\FastFy\venv\lib\site-packages\starlette\_exception_handler.py", line 53, in wrapped_app
    raise exc
  File "C:\Users\dyadh\OneDrive\пїЅпїЅпїЅпїЅпїЅпїЅпїЅ пїЅпїЅпїЅпїЅ\FastFy\venv\lib\site-packages\starlette\_exception_handler.py", line 42, in wrapped_app
    await app(scope, receive, sender)
  File "C:\Users\dyadh\OneDrive\пїЅпїЅпїЅпїЅпїЅпїЅпїЅ пїЅпїЅпїЅпїЅ\FastFy\venv\lib\site-packages\starlette\routing.py", line 73, in app
    response = await f(request)
  File "C:\Users\dyadh\OneDrive\пїЅпїЅпїЅпїЅпїЅпїЅпїЅ пїЅпїЅпїЅпїЅ\FastFy\venv\lib\site-packages\fastapi\routing.py", line 301, in app
    raw_response = await run_endpoint_function(
  File "C:\Users\dyadh\OneDrive\пїЅпїЅпїЅпїЅпїЅпїЅпїЅ пїЅпїЅпїЅпїЅ\FastFy\venv\lib\site-packages\fastapi\routing.py", line 212, in run_endpoint_function
    return await dependant.call(**values)
  File "C:\Users\dyadh\OneDrive\пїЅпїЅпїЅпїЅпїЅпїЅпїЅ пїЅпїЅпїЅпїЅ\FastFy\backend\app\api\v1\routers\user_portfolio\router.py", line 53, in get_portfolio
    result = await service.get_portfolio(
  File "C:\Users\dyadh\OneDrive\пїЅпїЅпїЅпїЅпїЅпїЅпїЅ пїЅпїЅпїЅпїЅ\FastFy\backend\app\api\v1\routers\user_portfolio\service.py", line 46, in get_portfolio
    skins = await self.portfolio_repository.read_paginate(
  File "C:\Users\dyadh\OneDrive\пїЅпїЅпїЅпїЅпїЅпїЅпїЅ пїЅпїЅпїЅпїЅ\FastFy\backend\app\db\repository\user_skins.py", line 32, in read_paginate
    return SkinsPage(
  File "C:\Users\dyadh\OneDrive\пїЅпїЅпїЅпїЅпїЅпїЅпїЅ пїЅпїЅпїЅпїЅ\FastFy\venv\lib\site-packages\pydantic\main.py", line 253, in __init__
    validated_self = self.__pydantic_validator__.validate_python(data, self_instance=self)
pydantic_core._pydantic_core.ValidationError: 2 validation errors for SkinsPage
skins.0
  Input should be a valid dictionary or instance of BaseModel [type=model_type, input_value='{"uuid":"f34f88d3-d4fa-4...e_last_365_day":null}}}', input_type=str]
    For further information visit https://errors.pydantic.dev/2.11/v/model_type
skins.1
  Input should be a valid dictionary or instance of BaseModel [type=model_type, input_value='{"uuid":"2798c066-2483-4...e_last_365_day":null}}}', input_type=str]
    For further information visit https://errors.pydantic.dev/2.11/v/model_type
INFO 2025-09-07 12:55:22,692 [logs.py (dispatch)] REQUEST FROM Address(host='176.15.166.195', port=0) TO https://v2dlob-176-15-166-195.ru.tuna.am/api/v1/user?telegram_id=2054556183
INFO 2025-09-07 12:55:23,172 [logs.py (dispatch)] REQUEST FROM Address(host='176.15.166.195', port=0) TO https://v2dlob-176-15-166-195.ru.tuna.am/api/v1/user/portfolio?telegram_id=2054556183&offset=0&limit=5
INFO 2025-09-07 12:55:35,802 [logs.py (dispatch)] REQUEST FROM Address(host='176.15.166.195', port=0) TO https://v2dlob-176-15-166-195.ru.tuna.am/api/v1/user?telegram_id=2054556183
INFO 2025-09-07 12:55:40,283 [logs.py (dispatch)] REQUEST FROM Address(host='176.15.166.195', port=0) TO https://v2dlob-176-15-166-195.ru.tuna.am/api/v1/user?telegram_id=2054556183
INFO 2025-09-07 12:55:40,752 [logs.py (dispatch)] REQUEST FROM Address(host='176.15.166.195', port=0) TO https://v2dlob-176-15-166-195.ru.tuna.am/api/v1/user/portfolio?telegram_id=2054556183&offset=5&limit=5
INFO 2025-09-07 12:55:47,304 [logs.py (dispatch)] REQUEST FROM Address(host='176.15.166.195', port=0) TO https://v2dlob-176-15-166-195.ru.tuna.am/api/v1/user?telegram_id=2054556183
INFO 2025-09-07 22:56:59,951 [logs.py (dispatch)] REQUEST FROM Address(host='176.15.166.195', port=0) TO https://jie3y7-176-15-166-195.ru.tuna.am/api/v1/user?telegram_id=2054556183
INFO 2025-09-07 22:57:04,059 [logs.py (dispatch)] REQUEST FROM Address(host='176.15.166.195', port=0) TO https://jie3y7-176-15-166-195.ru.tuna.am/api/v1/user?telegram_id=2054556183
INFO 2025-09-07 22:57:08,368 [logs.py (dispatch)] REQUEST FROM Address(host='176.15.166.195', port=0) TO https://jie3y7-176-15-166-195.ru.tuna.am/api/v1/user?telegram_id=2054556183
INFO 2025-09-07 22:58:25,673 [logs.py (dispatch)] REQUEST FROM Address(host='176.15.166.195', port=0) TO https://jie3y7-176-15-166-195.ru.tuna.am/api/v1/user?telegram_id=2054556183
INFO 2025-09-07 22:59:22,429 [logs.py (dispatch)] REQUEST FROM Address(host='176.15.166.195', port=0) TO https://jie3y7-176-15-166-195.ru.tuna.am/api/v1/auth/steam/login
INFO 2025-09-07 22:59:30,680 [logs.py (dispatch)] REQUEST FROM Address(host='176.15.166.195', port=0) TO https://jie3y7-176-15-166-195.ru.tuna.am/api/v1/auth/steam/processing?janrain_nonce=2025-09-07T19%3A59%3A24ZhgpyyG&openid.ns=http%3A%2F%2Fspecs.openid.net%2Fauth%2F2.0&openid.mode=id_res&openid.op_endpoint=https%3A%2F%2Fsteamcommunity.com%2Fopenid%2Flogin&openid.claimed_id=https%3A%2F%2Fsteamcommunity.com%2Fopenid%2Fid%2F76561199207982533&openid.identity=https%3A%2F%2Fsteamcommunity.com%2Fopenid%2Fid%2F76561199207982533&openid.return_to=https%3A%2F%2Fjie3y7-176-15-166-195.ru.tuna.am%2Fapi%2Fv1%2Fauth%2Fsteam%2Fprocessing%3Fjanrain_nonce%3D2025-09-07T19%253A59%253A24ZhgpyyG&openid.response_nonce=2025-09-07T19%3A59%3A30ZZRZQ7KUsUvSghrZTtKsB3Tm20t4%3D&openid.assoc_handle=1234567890&openid.signed=signed%2Cop_endpoint%2Cclaimed_id%2Cidentity%2Creturn_to%2Cresponse_nonce%2Cassoc_handle&openid.sig=bDivXw4jKuGd%2Ff%2BM4YyMojVckkI%3D
INFO 2025-09-07 22:59:32,870 [logs.py (dispatch)] REQUEST FROM Address(host='176.15.166.195', port=0) TO https://jie3y7-176-15-166-195.ru.tuna.am/favicon.ico
INFO 2025-09-07 22:59:41,538 [logs.py (dispatch)] REQUEST FROM Address(host='176.15.166.195', port=0) TO https://jie3y7-176-15-166-195.ru.tuna.am/api/v1/auth/telegram/processing?code=xfQlr4eZle
INFO 2025-09-07 23:01:32,967 [logs.py (dispatch)] REQUEST FROM Address(host='176.15.166.195', port=0) TO https://jie3y7-176-15-166-195.ru.tuna.am/api/v1/user?telegram_id=2054556183
INFO 2025-09-07 23:01:36,919 [logs.py (dispatch)] REQUEST FROM Address(host='176.15.166.195', port=0) TO https://jie3y7-176-15-166-195.ru.tuna.am/api/v1/auth/steam/login
INFO 2025-09-07 23:01:46,965 [logs.py (dispatch)] REQUEST FROM Address(host='176.15.166.195', port=0) TO https://jie3y7-176-15-166-195.ru.tuna.am/api/v1/auth/steam/processing?janrain_nonce=2025-09-07T20%3A01%3A37ZygRx8V&openid.ns=http%3A%2F%2Fspecs.openid.net%2Fauth%2F2.0&openid.mode=id_res&openid.op_endpoint=https%3A%2F%2Fsteamcommunity.com%2Fopenid%2Flogin&openid.claimed_id=https%3A%2F%2Fsteamcommunity.com%2Fopenid%2Fid%2F76561199207982533&openid.identity=https%3A%2F%2Fsteamcommunity.com%2Fopenid%2Fid%2F76561199207982533&openid.return_to=https%3A%2F%2Fjie3y7-176-15-166-195.ru.tuna.am%2Fapi%2Fv1%2Fauth%2Fsteam%2Fprocessing%3Fjanrain_nonce%3D2025-09-07T20%253A01%253A37ZygRx8V&openid.response_nonce=2025-09-07T20%3A01%3A46ZvIVNpKS55SGukxUyDPadl1IcFWM%3D&openid.assoc_handle=1234567890&openid.signed=signed%2Cop_endpoint%2Cclaimed_id%2Cidentity%2Creturn_to%2Cresponse_nonce%2Cassoc_handle&openid.sig=ABOYWDYMfW1X60Y001y4XAMgYzc%3D
INFO 2025-09-07 23:01:57,202 [logs.py (dispatch)] REQUEST FROM Address(host='176.15.166.195', port=0) TO https://jie3y7-176-15-166-195.ru.tuna.am/api/v1/auth/telegram/processing?code=IhQ4YQyaGr
INFO 2025-09-07 23:02:10,814 [logs.py (dispatch)] REQUEST FROM Address(host='176.15.166.195', port=0) TO https://jie3y7-176-15-166-195.ru.tuna.am/api/v1/user/portfolio?telegram_id=2054556183&offset=0&limit=5
INFO 2025-09-07 23:08:11,145 [logs.py (dispatch)] REQUEST FROM Address(host='176.15.166.195', port=0) TO https://jie3y7-176-15-166-195.ru.tuna.am/api/v1/user?telegram_id=2054556183
INFO 2025-09-07 23:08:52,463 [logs.py (dispatch)] REQUEST FROM Address(host='176.15.166.195', port=0) TO https://jie3y7-176-15-166-195.ru.tuna.am/api/v1/user?telegram_id=2054556183
INFO 2025-09-07 23:08:56,774 [logs.py (dispatch)] REQUEST FROM Address(host='176.15.166.195', port=0) TO https://jie3y7-176-15-166-195.ru.tuna.am/api/v1/auth/steam/login
INFO 2025-09-07 23:09:00,410 [logs.py (dispatch)] REQUEST FROM Address(host='176.15.166.195', port=0) TO https://jie3y7-176-15-166-195.ru.tuna.am/api/v1/auth/steam/processing?janrain_nonce=2025-09-07T20%3A08%3A57ZFydQjU&openid.ns=http%3A%2F%2Fspecs.openid.net%2Fauth%2F2.0&openid.mode=id_res&openid.op_endpoint=https%3A%2F%2Fsteamcommunity.com%2Fopenid%2Flogin&openid.claimed_id=https%3A%2F%2Fsteamcommunity.com%2Fopenid%2Fid%2F76561199207982533&openid.identity=https%3A%2F%2Fsteamcommunity.com%2Fopenid%2Fid%2F76561199207982533&openid.return_to=https%3A%2F%2Fjie3y7-176-15-166-195.ru.tuna.am%2Fapi%2Fv1%2Fauth%2Fsteam%2Fprocessing%3Fjanrain_nonce%3D2025-09-07T20%253A08%253A57ZFydQjU&openid.response_nonce=2025-09-07T20%3A09%3A00ZI%2BASttLEQrWnjoD1F%2FSGOXIGCAU%3D&openid.assoc_handle=1234567890&openid.signed=signed%2Cop_endpoint%2Cclaimed_id%2Cidentity%2Creturn_to%2Cresponse_nonce%2Cassoc_handle&openid.sig=SvRL%2F4BwpDq18TPnLxXWqeWM66c%3D
INFO 2025-09-07 23:09:08,218 [logs.py (dispatch)] REQUEST FROM Address(host='176.15.166.195', port=0) TO https://jie3y7-176-15-166-195.ru.tuna.am/api/v1/auth/telegram/processing?code=yu7UYw8T3d
INFO 2025-09-07 23:10:07,070 [logs.py (dispatch)] REQUEST FROM Address(host='176.15.166.195', port=0) TO https://jie3y7-176-15-166-195.ru.tuna.am/api/v1/user?telegram_id=2054556183
INFO 2025-09-07 23:10:07,694 [logs.py (dispatch)] REQUEST FROM Address(host='176.15.166.195', port=0) TO https://jie3y7-176-15-166-195.ru.tuna.am/api/v1/user/portfolio?telegram_id=2054556183&offset=0&limit=5
INFO 2025-09-07 23:10:20,182 [logs.py (dispatch)] REQUEST FROM Address(host='176.15.166.195', port=0) TO https://jie3y7-176-15-166-195.ru.tuna.am/api/v1/user/portfolio?telegram_id=2054556183&offset=0&limit=5
ERROR 2025-09-07 23:10:20,224 [logs.py (dispatch)] error
Traceback (most recent call last):
  File "C:\Users\dyadh\OneDrive\пїЅпїЅпїЅпїЅпїЅпїЅпїЅ пїЅпїЅпїЅпїЅ\FastFy\venv\lib\site-packages\starlette\middleware\base.py", line 148, in call_next
    message = await recv_stream.receive()
  File "C:\Users\dyadh\OneDrive\пїЅпїЅпїЅпїЅпїЅпїЅпїЅ пїЅпїЅпїЅпїЅ\FastFy\venv\lib\site-packages\anyio\streams\memory.py", line 126, in receive
    raise EndOfStream from None
anyio.EndOfStream

During handling of the above exception, another exception occurred:

Traceback (most recent call last):
  File "C:\Users\dyadh\OneDrive\пїЅпїЅпїЅпїЅпїЅпїЅпїЅ пїЅпїЅпїЅпїЅ\FastFy\backend\app\api\v1\middleware\logs.py", line 15, in dispatch
    return await call_next(request)
  File "C:\Users\dyadh\OneDrive\пїЅпїЅпїЅпїЅпїЅпїЅпїЅ пїЅпїЅпїЅпїЅ\FastFy\venv\lib\site-packages\starlette\middleware\base.py", line 156, in call_next
    raise app_exc
  File "C:\Users\dyadh\OneDrive\пїЅпїЅпїЅпїЅпїЅпїЅпїЅ пїЅпїЅпїЅпїЅ\FastFy\venv\lib\site-packages\starlette\middleware\base.py", line 141, in coro
    await self.app(scope, receive_or_disconnect, send_no_error)
  File "C:\Users\dyadh\OneDrive\пїЅпїЅпїЅпїЅпїЅпїЅпїЅ пїЅпїЅпїЅпїЅ\FastFy\venv\lib\site-packages\starlette\middleware\exceptions.py", line 62, in __call__
    await wrap_app_handling_exceptions(self.app, conn)(scope, receive, send)
  File "C:\Users\dyadh\OneDrive\пїЅпїЅпїЅпїЅпїЅпїЅпїЅ пїЅпїЅпїЅпїЅ\FastFy\venv\lib\site-packages\starlette\_exception_handler.py", line 53, in wrapped_app
    raise exc
  File "C:\Users\dyadh\OneDrive\пїЅпїЅпїЅпїЅпїЅпїЅпїЅ пїЅпїЅпїЅпїЅ\FastFy\venv\lib\site-packages\starlette\_exception_handler.py", line 42, in wrapped_app
    await app(scope, receive, sender)
  File "C:\Users\dyadh\OneDrive\пїЅпїЅпїЅпїЅпїЅпїЅпїЅ пїЅпїЅпїЅпїЅ\FastFy\venv\lib\site-packages\starlette\routing.py", line 714, in __call__
    await self.middleware_stack(scope, receive, send)
  File "C:\Users\dyadh\OneDrive\пїЅпїЅпїЅпїЅпїЅпїЅпїЅ пїЅпїЅпїЅпїЅ\FastFy\venv\lib\site-packages\starlette\routing.py", line 734, in app
    await route.handle(scope, receive, send)
  File "C:\Users\dyadh\OneDrive\пїЅпїЅпїЅпїЅпїЅпїЅпїЅ пїЅпїЅпїЅпїЅ\FastFy\venv\lib\site-packages\starlette\routing.py", line 288, in handle
    await self.app(scope, receive, send)
  File "C:\Users\dyadh\OneDrive\пїЅпїЅпїЅпїЅпїЅпїЅпїЅ пїЅпїЅпїЅпїЅ\FastFy\venv\lib\site-packages\starlette\routing.py", line 76, in app
    await wrap_app_handling_exceptions(app, request)(scope, receive, send)
  File "C:\Users\dyadh\OneDrive\пїЅпїЅпїЅпїЅпїЅпїЅпїЅ пїЅпїЅпїЅпїЅ\FastFy\venv\lib\site-packages\starlette\_exception_handler.py", line 53, in wrapped_app
    raise exc
  File "C:\Users\dyadh\OneDrive\пїЅпїЅпїЅпїЅпїЅпїЅпїЅ пїЅпїЅпїЅпїЅ\FastFy\venv\lib\site-packages\starlette\_exception_handler.py", line 42, in wrapped_app
    await app(scope, receive, sender)
  File "C:\Users\dyadh\OneDrive\пїЅпїЅпїЅпїЅпїЅпїЅпїЅ пїЅпїЅпїЅпїЅ\FastFy\venv\lib\site-packages\starlette\routing.py", line 73, in app
    response = await f(request)
  File "C:\Users\dyadh\OneDrive\пїЅпїЅпїЅпїЅпїЅпїЅпїЅ пїЅпїЅпїЅпїЅ\FastFy\venv\lib\site-packages\fastapi\routing.py", line 301, in app
    raw_response = await run_endpoint_function(
  File "C:\Users\dyadh\OneDrive\пїЅпїЅпїЅпїЅпїЅпїЅпїЅ пїЅпїЅпїЅпїЅ\FastFy\venv\lib\site-packages\fastapi\routing.py", line 212, in run_endpoint_function
    return await dependant.call(**values)
  File "C:\Users\dyadh\OneDrive\пїЅпїЅпїЅпїЅпїЅпїЅпїЅ пїЅпїЅпїЅпїЅ\FastFy\backend\app\api\v1\routers\user_portfolio\router.py", line 53, in get_portfolio
    result = await service.get_portfolio(
  File "C:\Users\dyadh\OneDrive\пїЅпїЅпїЅпїЅпїЅпїЅпїЅ пїЅпїЅпїЅпїЅ\FastFy\backend\app\api\v1\routers\user_portfolio\service.py", line 46, in get_portfolio
    skins = await self.portfolio_repository.read_paginate(
  File "C:\Users\dyadh\OneDrive\пїЅпїЅпїЅпїЅпїЅпїЅпїЅ пїЅпїЅпїЅпїЅ\FastFy\backend\app\db\repository\user_skins.py", line 35, in read_paginate
    skins=[
  File "C:\Users\dyadh\OneDrive\пїЅпїЅпїЅпїЅпїЅпїЅпїЅ пїЅпїЅпїЅпїЅ\FastFy\backend\app\db\repository\user_skins.py", line 36, in <listcomp>
    UserSkinRelModel.model_validate(json.loads(model))
  File "C:\Users\dyadh\OneDrive\пїЅпїЅпїЅпїЅпїЅпїЅпїЅ пїЅпїЅпїЅпїЅ\FastFy\venv\lib\site-packages\pydantic\main.py", line 705, in model_validate
    return cls.__pydantic_validator__.validate_python(
pydantic_core._pydantic_core.ValidationError: 1 validation error for UserSkinRelModel
user
  Field required [type=missing, input_value={'uuid': 'f34f88d3-d4fa-4...e_last_365_day': None}}}, input_type=dict]
    For further information visit https://errors.pydantic.dev/2.11/v/missing
INFO 2025-09-07 23:15:21,981 [logs.py (dispatch)] REQUEST FROM Address(host='176.15.166.195', port=0) TO https://jie3y7-176-15-166-195.ru.tuna.am/api/v1/user/portfolio?telegram_id=2054556183&offset=0&limit=5
INFO 2025-09-07 23:19:31,612 [logs.py (dispatch)] REQUEST FROM Address(host='176.15.166.195', port=0) TO https://jie3y7-176-15-166-195.ru.tuna.am/api/v1/user/portfolio?telegram_id=2054556183&offset=0&limit=5
INFO 2025-09-07 23:19:51,852 [logs.py (dispatch)] REQUEST FROM Address(host='176.15.166.195', port=0) TO https://jie3y7-176-15-166-195.ru.tuna.am/api/v1/user/notify
INFO 2025-09-07 23:20:55,411 [logs.py (dispatch)] REQUEST FROM Address(host='176.15.166.195', port=0) TO https://jie3y7-176-15-166-195.ru.tuna.am/api/v1/user/portfolio?telegram_id=2054556183&offset=0&limit=5
ERROR 2025-09-07 23:20:55,467 [logs.py (dispatch)] error
Traceback (most recent call last):
  File "C:\Users\dyadh\OneDrive\Рабочий стол\FastFy\venv\lib\site-packages\starlette\middleware\base.py", line 148, in call_next
    message = await recv_stream.receive()
  File "C:\Users\dyadh\OneDrive\Рабочий стол\FastFy\venv\lib\site-packages\anyio\streams\memory.py", line 126, in receive
    raise EndOfStream from None
anyio.EndOfStream

During handling of the above exception, another exception occurred:

Traceback (most recent call last):
  File "C:\Users\dyadh\OneDrive\Рабочий стол\FastFy\backend\app\api\v1\middleware\logs.py", line 15, in dispatch
    return await call_next(request)
  File "C:\Users\dyadh\OneDrive\Рабочий стол\FastFy\venv\lib\site-packages\starlette\middleware\base.py", line 156, in call_next
    raise app_exc
  File "C:\Users\dyadh\OneDrive\Рабочий стол\FastFy\venv\lib\site-packages\starlette\middleware\base.py", line 141, in coro
    await self.app(scope, receive_or_disconnect, send_no_error)
  File "C:\Users\dyadh\OneDrive\Рабочий стол\FastFy\venv\lib\site-packages\starlette\middleware\exceptions.py", line 62, in __call__
    await wrap_app_handling_exceptions(self.app, conn)(scope, receive, send)
  File "C:\Users\dyadh\OneDrive\Рабочий стол\FastFy\venv\lib\site-packages\starlette\_exception_handler.py", line 53, in wrapped_app
    raise exc
  File "C:\Users\dyadh\OneDrive\Рабочий стол\FastFy\venv\lib\site-packages\starlette\_exception_handler.py", line 42, in wrapped_app
    await app(scope, receive, sender)
  File "C:\Users\dyadh\OneDrive\Рабочий стол\FastFy\venv\lib\site-packages\starlette\routing.py", line 714, in __call__
    await self.middleware_stack(scope, receive, send)
  File "C:\Users\dyadh\OneDrive\Рабочий стол\FastFy\venv\lib\site-packages\starlette\routing.py", line 734, in app
    await route.handle(scope, receive, send)
  File "C:\Users\dyadh\OneDrive\Рабочий стол\FastFy\venv\lib\site-packages\starlette\routing.py", line 288, in handle
    await self.app(scope, receive, send)
  File "C:\Users\dyadh\OneDrive\Рабочий стол\FastFy\venv\lib\site-packages\starlette\routing.py", line 76, in app
    await wrap_app_handling_exceptions(app, request)(scope, receive, send)
  File "C:\Users\dyadh\OneDrive\Рабочий стол\FastFy\venv\lib\site-packages\starlette\_exception_handler.py", line 53, in wrapped_app
    raise exc
  File "C:\Users\dyadh\OneDrive\Рабочий стол\FastFy\venv\lib\site-packages\starlette\_exception_handler.py", line 42, in wrapped_app
    await app(scope, receive, sender)
  File "C:\Users\dyadh\OneDrive\Рабочий стол\FastFy\venv\lib\site-packages\starlette\routing.py", line 73, in app
    response = await f(request)
  File "C:\Users\dyadh\OneDrive\Рабочий стол\FastFy\venv\lib\site-packages\fastapi\routing.py", line 301, in app
    raw_response = await run_endpoint_function(
  File "C:\Users\dyadh\OneDrive\Рабочий стол\FastFy\venv\lib\site-packages\fastapi\routing.py", line 212, in run_endpoint_function
    return await dependant.call(**values)
  File "C:\Users\dyadh\OneDrive\Рабочий стол\FastFy\backend\app\api\v1\routers\user_portfolio\router.py", line 53, in get_portfolio
    result = await service.get_portfolio(
  File "C:\Users\dyadh\OneDrive\Рабочий стол\FastFy\backend\app\api\v1\routers\user_portfolio\service.py", line 46, in get_portfolio
    skins = await self.portfolio_repository.read_paginate(
  File "C:\Users\dyadh\OneDrive\Рабочий стол\FastFy\backend\app\db\repository\user_skins.py", line 35, in read_paginate
    skins=[
  File "C:\Users\dyadh\OneDrive\Рабочий стол\FastFy\backend\app\db\repository\user_skins.py", line 36, in <listcomp>
    UserSkinRelModel.model_validate(json.loads(model))
  File "C:\Users\dyadh\OneDrive\Рабочий стол\FastFy\venv\lib\site-packages\pydantic\main.py", line 705, in model_validate
    return cls.__pydantic_validator__.validate_python(
pydantic_core._pydantic_core.ValidationError: 1 validation error for UserSkinRelModel
user
  Field required [type=missing, input_value={'uuid': 'f34f88d3-d4fa-4...e_last_365_day': None}}}, input_type=dict]
    For further information visit https://errors.pydantic.dev/2.11/v/missing
INFO 2025-09-07 23:22:04,190 [logs.py (dispatch)] REQUEST FROM Address(host='176.15.166.195', port=0) TO https://jie3y7-176-15-166-195.ru.tuna.am/api/v1/user/portfolio?telegram_id=2054556183&offset=0&limit=5
INFO 2025-09-07 23:22:07,313 [logs.py (dispatch)] REQUEST FROM Address(host='176.15.166.195', port=0) TO https://jie3y7-176-15-166-195.ru.tuna.am/api/v1/user/portfolio?telegram_id=2054556183&offset=0&limit=5
ERROR 2025-09-07 23:22:07,360 [logs.py (dispatch)] error
Traceback (most recent call last):
  File "C:\Users\dyadh\OneDrive\Рабочий стол\FastFy\venv\lib\site-packages\starlette\middleware\base.py", line 148, in call_next
    message = await recv_stream.receive()
  File "C:\Users\dyadh\OneDrive\Рабочий стол\FastFy\venv\lib\site-packages\anyio\streams\memory.py", line 126, in receive
    raise EndOfStream from None
anyio.EndOfStream

During handling of the above exception, another exception occurred:

Traceback (most recent call last):
  File "C:\Users\dyadh\OneDrive\Рабочий стол\FastFy\backend\app\api\v1\middleware\logs.py", line 15, in dispatch
    return await call_next(request)
  File "C:\Users\dyadh\OneDrive\Рабочий стол\FastFy\venv\lib\site-packages\starlette\middleware\base.py", line 156, in call_next
    raise app_exc
  File "C:\Users\dyadh\OneDrive\Рабочий стол\FastFy\venv\lib\site-packages\starlette\middleware\base.py", line 141, in coro
    await self.app(scope, receive_or_disconnect, send_no_error)
  File "C:\Users\dyadh\OneDrive\Рабочий стол\FastFy\venv\lib\site-packages\starlette\middleware\exceptions.py", line 62, in __call__
    await wrap_app_handling_exceptions(self.app, conn)(scope, receive, send)
  File "C:\Users\dyadh\OneDrive\Рабочий стол\FastFy\venv\lib\site-packages\starlette\_exception_handler.py", line 53, in wrapped_app
    raise exc
  File "C:\Users\dyadh\OneDrive\Рабочий стол\FastFy\venv\lib\site-packages\starlette\_exception_handler.py", line 42, in wrapped_app
    await app(scope, receive, sender)
  File "C:\Users\dyadh\OneDrive\Рабочий стол\FastFy\venv\lib\site-packages\starlette\routing.py", line 714, in __call__
    await self.middleware_stack(scope, receive, send)
  File "C:\Users\dyadh\OneDrive\Рабочий стол\FastFy\venv\lib\site-packages\starlette\routing.py", line 734, in app
    await route.handle(scope, receive, send)
  File "C:\Users\dyadh\OneDrive\Рабочий стол\FastFy\venv\lib\site-packages\starlette\routing.py", line 288, in handle
    await self.app(scope, receive, send)
  File "C:\Users\dyadh\OneDrive\Рабочий стол\FastFy\venv\lib\site-packages\starlette\routing.py", line 76, in app
    await wrap_app_handling_exceptions(app, request)(scope, receive, send)
  File "C:\Users\dyadh\OneDrive\Рабочий стол\FastFy\venv\lib\site-packages\starlette\_exception_handler.py", line 53, in wrapped_app
    raise exc
  File "C:\Users\dyadh\OneDrive\Рабочий стол\FastFy\venv\lib\site-packages\starlette\_exception_handler.py", line 42, in wrapped_app
    await app(scope, receive, sender)
  File "C:\Users\dyadh\OneDrive\Рабочий стол\FastFy\venv\lib\site-packages\starlette\routing.py", line 73, in app
    response = await f(request)
  File "C:\Users\dyadh\OneDrive\Рабочий стол\FastFy\venv\lib\site-packages\fastapi\routing.py", line 301, in app
    raw_response = await run_endpoint_function(
  File "C:\Users\dyadh\OneDrive\Рабочий стол\FastFy\venv\lib\site-packages\fastapi\routing.py", line 212, in run_endpoint_function
    return await dependant.call(**values)
  File "C:\Users\dyadh\OneDrive\Рабочий стол\FastFy\backend\app\api\v1\routers\user_portfolio\router.py", line 53, in get_portfolio
    result = await service.get_portfolio(
  File "C:\Users\dyadh\OneDrive\Рабочий стол\FastFy\backend\app\api\v1\routers\user_portfolio\service.py", line 46, in get_portfolio
    skins = await self.portfolio_repository.read_paginate(
  File "C:\Users\dyadh\OneDrive\Рабочий стол\FastFy\backend\app\db\repository\user_skins.py", line 35, in read_paginate
    skins=[
  File "C:\Users\dyadh\OneDrive\Рабочий стол\FastFy\backend\app\db\repository\user_skins.py", line 36, in <listcomp>
    UserSkinRelModel.model_validate(json.loads(model))
  File "C:\Users\dyadh\OneDrive\Рабочий стол\FastFy\venv\lib\site-packages\pydantic\main.py", line 705, in model_validate
    return cls.__pydantic_validator__.validate_python(
pydantic_core._pydantic_core.ValidationError: 5 validation errors for UserSkinRelModel
uuid
  Field required [type=missing, input_value={}, input_type=dict]
    For further information visit https://errors.pydantic.dev/2.11/v/missing
user_uuid
  Field required [type=missing, input_value={}, input_type=dict]
    For further information visit https://errors.pydantic.dev/2.11/v/missing
skin_name
  Field required [type=missing, input_value={}, input_type=dict]
    For further information visit https://errors.pydantic.dev/2.11/v/missing
skin
  Field required [type=missing, input_value={}, input_type=dict]
    For further information visit https://errors.pydantic.dev/2.11/v/missing
user
  Field required [type=missing, input_value={}, input_type=dict]
    For further information visit https://errors.pydantic.dev/2.11/v/missing
INFO 2025-09-07 23:24:48,693 [logs.py (dispatch)] REQUEST FROM Address(host='176.15.166.195', port=0) TO https://jie3y7-176-15-166-195.ru.tuna.am/api/v1/user/portfolio?telegram_id=2054556183&offset=0&limit=5
ERROR 2025-09-07 23:24:48,826 [logs.py (dispatch)] error
Traceback (most recent call last):
  File "C:\Users\dyadh\OneDrive\Рабочий стол\FastFy\venv\lib\site-packages\starlette\middleware\base.py", line 148, in call_next
    message = await recv_stream.receive()
  File "C:\Users\dyadh\OneDrive\Рабочий стол\FastFy\venv\lib\site-packages\anyio\streams\memory.py", line 126, in receive
    raise EndOfStream from None
anyio.EndOfStream

During handling of the above exception, another exception occurred:

Traceback (most recent call last):
  File "C:\Users\dyadh\OneDrive\Рабочий стол\FastFy\backend\app\api\v1\middleware\logs.py", line 15, in dispatch
    return await call_next(request)
  File "C:\Users\dyadh\OneDrive\Рабочий стол\FastFy\venv\lib\site-packages\starlette\middleware\base.py", line 156, in call_next
    raise app_exc
  File "C:\Users\dyadh\OneDrive\Рабочий стол\FastFy\venv\lib\site-packages\starlette\middleware\base.py", line 141, in coro
    await self.app(scope, receive_or_disconnect, send_no_error)
  File "C:\Users\dyadh\OneDrive\Рабочий стол\FastFy\venv\lib\site-packages\starlette\middleware\exceptions.py", line 62, in __call__
    await wrap_app_handling_exceptions(self.app, conn)(scope, receive, send)
  File "C:\Users\dyadh\OneDrive\Рабочий стол\FastFy\venv\lib\site-packages\starlette\_exception_handler.py", line 53, in wrapped_app
    raise exc
  File "C:\Users\dyadh\OneDrive\Рабочий стол\FastFy\venv\lib\site-packages\starlette\_exception_handler.py", line 42, in wrapped_app
    await app(scope, receive, sender)
  File "C:\Users\dyadh\OneDrive\Рабочий стол\FastFy\venv\lib\site-packages\starlette\routing.py", line 714, in __call__
    await self.middleware_stack(scope, receive, send)
  File "C:\Users\dyadh\OneDrive\Рабочий стол\FastFy\venv\lib\site-packages\starlette\routing.py", line 734, in app
    await route.handle(scope, receive, send)
  File "C:\Users\dyadh\OneDrive\Рабочий стол\FastFy\venv\lib\site-packages\starlette\routing.py", line 288, in handle
    await self.app(scope, receive, send)
  File "C:\Users\dyadh\OneDrive\Рабочий стол\FastFy\venv\lib\site-packages\starlette\routing.py", line 76, in app
    await wrap_app_handling_exceptions(app, request)(scope, receive, send)
  File "C:\Users\dyadh\OneDrive\Рабочий стол\FastFy\venv\lib\site-packages\starlette\_exception_handler.py", line 53, in wrapped_app
    raise exc
  File "C:\Users\dyadh\OneDrive\Рабочий стол\FastFy\venv\lib\site-packages\starlette\_exception_handler.py", line 42, in wrapped_app
    await app(scope, receive, sender)
  File "C:\Users\dyadh\OneDrive\Рабочий стол\FastFy\venv\lib\site-packages\starlette\routing.py", line 73, in app
    response = await f(request)
  File "C:\Users\dyadh\OneDrive\Рабочий стол\FastFy\venv\lib\site-packages\fastapi\routing.py", line 301, in app
    raw_response = await run_endpoint_function(
  File "C:\Users\dyadh\OneDrive\Рабочий стол\FastFy\venv\lib\site-packages\fastapi\routing.py", line 212, in run_endpoint_function
    return await dependant.call(**values)
  File "C:\Users\dyadh\OneDrive\Рабочий стол\FastFy\backend\app\api\v1\routers\user_portfolio\router.py", line 53, in get_portfolio
    result = await service.get_portfolio(
  File "C:\Users\dyadh\OneDrive\Рабочий стол\FastFy\backend\app\api\v1\routers\user_portfolio\service.py", line 46, in get_portfolio
    skins = await self.portfolio_repository.read_paginate(
  File "C:\Users\dyadh\OneDrive\Рабочий стол\FastFy\backend\app\db\repository\user_skins.py", line 60, in read_paginate
    models = [
  File "C:\Users\dyadh\OneDrive\Рабочий стол\FastFy\backend\app\db\repository\user_skins.py", line 61, in <listcomp>
    UserSkinRelModel.model_validate(model, from_attributes=True)
  File "C:\Users\dyadh\OneDrive\Рабочий стол\FastFy\venv\lib\site-packages\pydantic\main.py", line 705, in model_validate
    return cls.__pydantic_validator__.validate_python(
pydantic_core._pydantic_core.ValidationError: 1 validation error for UserSkinRelModel
user
  Error extracting attribute: MissingGreenlet: greenlet_spawn has not been called; can't call await_only() here. Was IO attempted in an unexpected place? (Background on this error at: https://sqlalche.me/e/20/xd2s) [type=get_attribute_error, input_value=<app.db.models.models.Use...t at 0x0000020FFB92EE60>, input_type=UsersSkins]
    For further information visit https://errors.pydantic.dev/2.11/v/get_attribute_error
INFO 2025-09-07 23:24:51,880 [logs.py (dispatch)] REQUEST FROM Address(host='176.15.166.195', port=0) TO https://jie3y7-176-15-166-195.ru.tuna.am/api/v1/user/notify
INFO 2025-09-07 23:24:53,452 [logs.py (dispatch)] REQUEST FROM Address(host='176.15.166.195', port=0) TO https://jie3y7-176-15-166-195.ru.tuna.am/api/v1/user/portfolio?telegram_id=2054556183&offset=0&limit=5
ERROR 2025-09-07 23:24:53,596 [logs.py (dispatch)] error
Traceback (most recent call last):
  File "C:\Users\dyadh\OneDrive\Рабочий стол\FastFy\venv\lib\site-packages\starlette\middleware\base.py", line 148, in call_next
    message = await recv_stream.receive()
  File "C:\Users\dyadh\OneDrive\Рабочий стол\FastFy\venv\lib\site-packages\anyio\streams\memory.py", line 126, in receive
    raise EndOfStream from None
anyio.EndOfStream

During handling of the above exception, another exception occurred:

Traceback (most recent call last):
  File "C:\Users\dyadh\OneDrive\Рабочий стол\FastFy\backend\app\api\v1\middleware\logs.py", line 15, in dispatch
    return await call_next(request)
  File "C:\Users\dyadh\OneDrive\Рабочий стол\FastFy\venv\lib\site-packages\starlette\middleware\base.py", line 156, in call_next
    raise app_exc
  File "C:\Users\dyadh\OneDrive\Рабочий стол\FastFy\venv\lib\site-packages\starlette\middleware\base.py", line 141, in coro
    await self.app(scope, receive_or_disconnect, send_no_error)
  File "C:\Users\dyadh\OneDrive\Рабочий стол\FastFy\venv\lib\site-packages\starlette\middleware\exceptions.py", line 62, in __call__
    await wrap_app_handling_exceptions(self.app, conn)(scope, receive, send)
  File "C:\Users\dyadh\OneDrive\Рабочий стол\FastFy\venv\lib\site-packages\starlette\_exception_handler.py", line 53, in wrapped_app
    raise exc
  File "C:\Users\dyadh\OneDrive\Рабочий стол\FastFy\venv\lib\site-packages\starlette\_exception_handler.py", line 42, in wrapped_app
    await app(scope, receive, sender)
  File "C:\Users\dyadh\OneDrive\Рабочий стол\FastFy\venv\lib\site-packages\starlette\routing.py", line 714, in __call__
    await self.middleware_stack(scope, receive, send)
  File "C:\Users\dyadh\OneDrive\Рабочий стол\FastFy\venv\lib\site-packages\starlette\routing.py", line 734, in app
    await route.handle(scope, receive, send)
  File "C:\Users\dyadh\OneDrive\Рабочий стол\FastFy\venv\lib\site-packages\starlette\routing.py", line 288, in handle
    await self.app(scope, receive, send)
  File "C:\Users\dyadh\OneDrive\Рабочий стол\FastFy\venv\lib\site-packages\starlette\routing.py", line 76, in app
    await wrap_app_handling_exceptions(app, request)(scope, receive, send)
  File "C:\Users\dyadh\OneDrive\Рабочий стол\FastFy\venv\lib\site-packages\starlette\_exception_handler.py", line 53, in wrapped_app
    raise exc
  File "C:\Users\dyadh\OneDrive\Рабочий стол\FastFy\venv\lib\site-packages\starlette\_exception_handler.py", line 42, in wrapped_app
    await app(scope, receive, sender)
  File "C:\Users\dyadh\OneDrive\Рабочий стол\FastFy\venv\lib\site-packages\starlette\routing.py", line 73, in app
    response = await f(request)
  File "C:\Users\dyadh\OneDrive\Рабочий стол\FastFy\venv\lib\site-packages\fastapi\routing.py", line 301, in app
    raw_response = await run_endpoint_function(
  File "C:\Users\dyadh\OneDrive\Рабочий стол\FastFy\venv\lib\site-packages\fastapi\routing.py", line 212, in run_endpoint_function
    return await dependant.call(**values)
  File "C:\Users\dyadh\OneDrive\Рабочий стол\FastFy\backend\app\api\v1\routers\user_portfolio\router.py", line 53, in get_portfolio
    result = await service.get_portfolio(
  File "C:\Users\dyadh\OneDrive\Рабочий стол\FastFy\backend\app\api\v1\routers\user_portfolio\service.py", line 46, in get_portfolio
    skins = await self.portfolio_repository.read_paginate(
  File "C:\Users\dyadh\OneDrive\Рабочий стол\FastFy\backend\app\db\repository\user_skins.py", line 60, in read_paginate
    models = [
  File "C:\Users\dyadh\OneDrive\Рабочий стол\FastFy\backend\app\db\repository\user_skins.py", line 61, in <listcomp>
    UserSkinRelModel.model_validate(model, from_attributes=True)
  File "C:\Users\dyadh\OneDrive\Рабочий стол\FastFy\venv\lib\site-packages\pydantic\main.py", line 705, in model_validate
    return cls.__pydantic_validator__.validate_python(
pydantic_core._pydantic_core.ValidationError: 1 validation error for UserSkinRelModel
user
  Error extracting attribute: MissingGreenlet: greenlet_spawn has not been called; can't call await_only() here. Was IO attempted in an unexpected place? (Background on this error at: https://sqlalche.me/e/20/xd2s) [type=get_attribute_error, input_value=<app.db.models.models.Use...t at 0x0000020FFD3F1630>, input_type=UsersSkins]
    For further information visit https://errors.pydantic.dev/2.11/v/get_attribute_error
INFO 2025-09-07 23:32:29,116 [logs.py (dispatch)] REQUEST FROM Address(host='176.15.166.195', port=0) TO https://916wgs-176-15-166-195.ru.tuna.am/api/v1/user?telegram_id=2054556183
INFO 2025-09-07 23:32:29,550 [logs.py (dispatch)] REQUEST FROM Address(host='176.15.166.195', port=0) TO https://916wgs-176-15-166-195.ru.tuna.am/api/v1/user/portfolio?telegram_id=2054556183&offset=0&limit=5
INFO 2025-09-07 23:33:20,943 [logs.py (dispatch)] REQUEST FROM Address(host='176.15.166.195', port=0) TO https://916wgs-176-15-166-195.ru.tuna.am/api/v1/user/portfolio?telegram_id=2054556183&offset=0&limit=5
ERROR 2025-09-07 23:33:20,997 [logs.py (dispatch)] error
Traceback (most recent call last):
  File "C:\Users\dyadh\OneDrive\Рабочий стол\FastFy\venv\lib\site-packages\starlette\middleware\base.py", line 148, in call_next
    message = await recv_stream.receive()
  File "C:\Users\dyadh\OneDrive\Рабочий стол\FastFy\venv\lib\site-packages\anyio\streams\memory.py", line 126, in receive
    raise EndOfStream from None
anyio.EndOfStream

During handling of the above exception, another exception occurred:

Traceback (most recent call last):
  File "C:\Users\dyadh\OneDrive\Рабочий стол\FastFy\backend\app\api\v1\middleware\logs.py", line 15, in dispatch
    return await call_next(request)
  File "C:\Users\dyadh\OneDrive\Рабочий стол\FastFy\venv\lib\site-packages\starlette\middleware\base.py", line 156, in call_next
    raise app_exc
  File "C:\Users\dyadh\OneDrive\Рабочий стол\FastFy\venv\lib\site-packages\starlette\middleware\base.py", line 141, in coro
    await self.app(scope, receive_or_disconnect, send_no_error)
  File "C:\Users\dyadh\OneDrive\Рабочий стол\FastFy\venv\lib\site-packages\starlette\middleware\exceptions.py", line 62, in __call__
    await wrap_app_handling_exceptions(self.app, conn)(scope, receive, send)
  File "C:\Users\dyadh\OneDrive\Рабочий стол\FastFy\venv\lib\site-packages\starlette\_exception_handler.py", line 53, in wrapped_app
    raise exc
  File "C:\Users\dyadh\OneDrive\Рабочий стол\FastFy\venv\lib\site-packages\starlette\_exception_handler.py", line 42, in wrapped_app
    await app(scope, receive, sender)
  File "C:\Users\dyadh\OneDrive\Рабочий стол\FastFy\venv\lib\site-packages\starlette\routing.py", line 714, in __call__
    await self.middleware_stack(scope, receive, send)
  File "C:\Users\dyadh\OneDrive\Рабочий стол\FastFy\venv\lib\site-packages\starlette\routing.py", line 734, in app
    await route.handle(scope, receive, send)
  File "C:\Users\dyadh\OneDrive\Рабочий стол\FastFy\venv\lib\site-packages\starlette\routing.py", line 288, in handle
    await self.app(scope, receive, send)
  File "C:\Users\dyadh\OneDrive\Рабочий стол\FastFy\venv\lib\site-packages\starlette\routing.py", line 76, in app
    await wrap_app_handling_exceptions(app, request)(scope, receive, send)
  File "C:\Users\dyadh\OneDrive\Рабочий стол\FastFy\venv\lib\site-packages\starlette\_exception_handler.py", line 53, in wrapped_app
    raise exc
  File "C:\Users\dyadh\OneDrive\Рабочий стол\FastFy\venv\lib\site-packages\starlette\_exception_handler.py", line 42, in wrapped_app
    await app(scope, receive, sender)
  File "C:\Users\dyadh\OneDrive\Рабочий стол\FastFy\venv\lib\site-packages\starlette\routing.py", line 73, in app
    response = await f(request)
  File "C:\Users\dyadh\OneDrive\Рабочий стол\FastFy\venv\lib\site-packages\fastapi\routing.py", line 301, in app
    raw_response = await run_endpoint_function(
  File "C:\Users\dyadh\OneDrive\Рабочий стол\FastFy\venv\lib\site-packages\fastapi\routing.py", line 212, in run_endpoint_function
    return await dependant.call(**values)
  File "C:\Users\dyadh\OneDrive\Рабочий стол\FastFy\backend\app\api\v1\routers\user_portfolio\router.py", line 53, in get_portfolio
    result = await service.get_portfolio(
  File "C:\Users\dyadh\OneDrive\Рабочий стол\FastFy\backend\app\api\v1\routers\user_portfolio\service.py", line 46, in get_portfolio
    skins = await self.portfolio_repository.read_paginate(
  File "C:\Users\dyadh\OneDrive\Рабочий стол\FastFy\backend\app\db\repository\user_skins.py", line 36, in read_paginate
    skins=[
  File "C:\Users\dyadh\OneDrive\Рабочий стол\FastFy\backend\app\db\repository\user_skins.py", line 37, in <listcomp>
    UserSkinRelModel.model_validate(json.loads(model))
  File "C:\Users\dyadh\OneDrive\Рабочий стол\FastFy\venv\lib\site-packages\pydantic\main.py", line 705, in model_validate
    return cls.__pydantic_validator__.validate_python(
pydantic_core._pydantic_core.ValidationError: 1 validation error for UserSkinRelModel
user
  Field required [type=missing, input_value={'uuid': 'f34f88d3-d4fa-4...e_last_365_day': None}}}, input_type=dict]
    For further information visit https://errors.pydantic.dev/2.11/v/missing
INFO 2025-09-07 23:34:41,293 [logs.py (dispatch)] REQUEST FROM Address(host='176.15.166.195', port=0) TO https://916wgs-176-15-166-195.ru.tuna.am/api/v1/user/portfolio?telegram_id=2054556183&offset=0&limit=5
INFO 2025-09-07 23:41:35,289 [logs.py (dispatch)] REQUEST FROM Address(host='176.15.166.195', port=0) TO https://916wgs-176-15-166-195.ru.tuna.am/api/v1/user/portfolio?telegram_id=2054556183&offset=0&limit=5
INFO 2025-09-07 23:43:46,148 [logs.py (dispatch)] REQUEST FROM Address(host='176.15.166.195', port=0) TO https://916wgs-176-15-166-195.ru.tuna.am/api/v1/user/portfolio?telegram_id=2054556183&offset=0&limit=5
ERROR 2025-09-07 23:43:46,501 [logs.py (dispatch)] error
Traceback (most recent call last):
  File "C:\Users\dyadh\OneDrive\Рабочий стол\FastFy\venv\lib\site-packages\starlette\middleware\base.py", line 148, in call_next
    message = await recv_stream.receive()
  File "C:\Users\dyadh\OneDrive\Рабочий стол\FastFy\venv\lib\site-packages\anyio\streams\memory.py", line 126, in receive
    raise EndOfStream from None
anyio.EndOfStream

During handling of the above exception, another exception occurred:

Traceback (most recent call last):
  File "C:\Users\dyadh\OneDrive\Рабочий стол\FastFy\backend\app\api\v1\middleware\logs.py", line 15, in dispatch
    return await call_next(request)
  File "C:\Users\dyadh\OneDrive\Рабочий стол\FastFy\venv\lib\site-packages\starlette\middleware\base.py", line 156, in call_next
    raise app_exc
  File "C:\Users\dyadh\OneDrive\Рабочий стол\FastFy\venv\lib\site-packages\starlette\middleware\base.py", line 141, in coro
    await self.app(scope, receive_or_disconnect, send_no_error)
  File "C:\Users\dyadh\OneDrive\Рабочий стол\FastFy\venv\lib\site-packages\starlette\middleware\exceptions.py", line 62, in __call__
    await wrap_app_handling_exceptions(self.app, conn)(scope, receive, send)
  File "C:\Users\dyadh\OneDrive\Рабочий стол\FastFy\venv\lib\site-packages\starlette\_exception_handler.py", line 53, in wrapped_app
    raise exc
  File "C:\Users\dyadh\OneDrive\Рабочий стол\FastFy\venv\lib\site-packages\starlette\_exception_handler.py", line 42, in wrapped_app
    await app(scope, receive, sender)
  File "C:\Users\dyadh\OneDrive\Рабочий стол\FastFy\venv\lib\site-packages\starlette\routing.py", line 714, in __call__
    await self.middleware_stack(scope, receive, send)
  File "C:\Users\dyadh\OneDrive\Рабочий стол\FastFy\venv\lib\site-packages\starlette\routing.py", line 734, in app
    await route.handle(scope, receive, send)
  File "C:\Users\dyadh\OneDrive\Рабочий стол\FastFy\venv\lib\site-packages\starlette\routing.py", line 288, in handle
    await self.app(scope, receive, send)
  File "C:\Users\dyadh\OneDrive\Рабочий стол\FastFy\venv\lib\site-packages\starlette\routing.py", line 76, in app
    await wrap_app_handling_exceptions(app, request)(scope, receive, send)
  File "C:\Users\dyadh\OneDrive\Рабочий стол\FastFy\venv\lib\site-packages\starlette\_exception_handler.py", line 53, in wrapped_app
    raise exc
  File "C:\Users\dyadh\OneDrive\Рабочий стол\FastFy\venv\lib\site-packages\starlette\_exception_handler.py", line 42, in wrapped_app
    await app(scope, receive, sender)
  File "C:\Users\dyadh\OneDrive\Рабочий стол\FastFy\venv\lib\site-packages\starlette\routing.py", line 73, in app
    response = await f(request)
  File "C:\Users\dyadh\OneDrive\Рабочий стол\FastFy\venv\lib\site-packages\fastapi\routing.py", line 301, in app
    raw_response = await run_endpoint_function(
  File "C:\Users\dyadh\OneDrive\Рабочий стол\FastFy\venv\lib\site-packages\fastapi\routing.py", line 212, in run_endpoint_function
    return await dependant.call(**values)
  File "C:\Users\dyadh\OneDrive\Рабочий стол\FastFy\backend\app\api\v1\routers\user_portfolio\router.py", line 53, in get_portfolio
    result = await service.get_portfolio(
  File "C:\Users\dyadh\OneDrive\Рабочий стол\FastFy\backend\app\api\v1\routers\user_portfolio\service.py", line 46, in get_portfolio
    skins = await self.portfolio_repository.read_paginate(
  File "C:\Users\dyadh\OneDrive\Рабочий стол\FastFy\backend\app\db\repository\user_skins.py", line 65, in read_paginate
    dump_models = [json.dumps(model.model_dump()) for model in models]
  File "C:\Users\dyadh\OneDrive\Рабочий стол\FastFy\backend\app\db\repository\user_skins.py", line 65, in <listcomp>
    dump_models = [json.dumps(model.model_dump()) for model in models]
  File "C:\Python\lib\json\__init__.py", line 231, in dumps
    return _default_encoder.encode(obj)
  File "C:\Python\lib\json\encoder.py", line 199, in encode
    chunks = self.iterencode(o, _one_shot=True)
  File "C:\Python\lib\json\encoder.py", line 257, in iterencode
    return _iterencode(o, 0)
  File "C:\Python\lib\json\encoder.py", line 179, in default
    raise TypeError(f'Object of type {o.__class__.__name__} '
TypeError: Object of type datetime is not JSON serializable
INFO 2025-09-07 23:44:26,418 [logs.py (dispatch)] REQUEST FROM Address(host='176.15.166.195', port=0) TO https://916wgs-176-15-166-195.ru.tuna.am/api/v1/user/portfolio?telegram_id=2054556183&offset=0&limit=5
INFO 2025-09-07 23:46:19,025 [logs.py (dispatch)] REQUEST FROM Address(host='176.15.166.195', port=0) TO https://916wgs-176-15-166-195.ru.tuna.am/api/v1/user/portfolio?telegram_id=2054556183&offset=0&limit=5
ERROR 2025-09-07 23:46:19,070 [logs.py (dispatch)] error
Traceback (most recent call last):
  File "C:\Users\dyadh\OneDrive\Рабочий стол\FastFy\venv\lib\site-packages\starlette\middleware\base.py", line 148, in call_next
    message = await recv_stream.receive()
  File "C:\Users\dyadh\OneDrive\Рабочий стол\FastFy\venv\lib\site-packages\anyio\streams\memory.py", line 126, in receive
    raise EndOfStream from None
anyio.EndOfStream

During handling of the above exception, another exception occurred:

Traceback (most recent call last):
  File "C:\Users\dyadh\OneDrive\Рабочий стол\FastFy\backend\app\api\v1\middleware\logs.py", line 15, in dispatch
    return await call_next(request)
  File "C:\Users\dyadh\OneDrive\Рабочий стол\FastFy\venv\lib\site-packages\starlette\middleware\base.py", line 156, in call_next
    raise app_exc
  File "C:\Users\dyadh\OneDrive\Рабочий стол\FastFy\venv\lib\site-packages\starlette\middleware\base.py", line 141, in coro
    await self.app(scope, receive_or_disconnect, send_no_error)
  File "C:\Users\dyadh\OneDrive\Рабочий стол\FastFy\venv\lib\site-packages\starlette\middleware\exceptions.py", line 62, in __call__
    await wrap_app_handling_exceptions(self.app, conn)(scope, receive, send)
  File "C:\Users\dyadh\OneDrive\Рабочий стол\FastFy\venv\lib\site-packages\starlette\_exception_handler.py", line 53, in wrapped_app
    raise exc
  File "C:\Users\dyadh\OneDrive\Рабочий стол\FastFy\venv\lib\site-packages\starlette\_exception_handler.py", line 42, in wrapped_app
    await app(scope, receive, sender)
  File "C:\Users\dyadh\OneDrive\Рабочий стол\FastFy\venv\lib\site-packages\starlette\routing.py", line 714, in __call__
    await self.middleware_stack(scope, receive, send)
  File "C:\Users\dyadh\OneDrive\Рабочий стол\FastFy\venv\lib\site-packages\starlette\routing.py", line 734, in app
    await route.handle(scope, receive, send)
  File "C:\Users\dyadh\OneDrive\Рабочий стол\FastFy\venv\lib\site-packages\starlette\routing.py", line 288, in handle
    await self.app(scope, receive, send)
  File "C:\Users\dyadh\OneDrive\Рабочий стол\FastFy\venv\lib\site-packages\starlette\routing.py", line 76, in app
    await wrap_app_handling_exceptions(app, request)(scope, receive, send)
  File "C:\Users\dyadh\OneDrive\Рабочий стол\FastFy\venv\lib\site-packages\starlette\_exception_handler.py", line 53, in wrapped_app
    raise exc
  File "C:\Users\dyadh\OneDrive\Рабочий стол\FastFy\venv\lib\site-packages\starlette\_exception_handler.py", line 42, in wrapped_app
    await app(scope, receive, sender)
  File "C:\Users\dyadh\OneDrive\Рабочий стол\FastFy\venv\lib\site-packages\starlette\routing.py", line 73, in app
    response = await f(request)
  File "C:\Users\dyadh\OneDrive\Рабочий стол\FastFy\venv\lib\site-packages\fastapi\routing.py", line 301, in app
    raw_response = await run_endpoint_function(
  File "C:\Users\dyadh\OneDrive\Рабочий стол\FastFy\venv\lib\site-packages\fastapi\routing.py", line 212, in run_endpoint_function
    return await dependant.call(**values)
  File "C:\Users\dyadh\OneDrive\Рабочий стол\FastFy\backend\app\api\v1\routers\user_portfolio\router.py", line 53, in get_portfolio
    result = await service.get_portfolio(
  File "C:\Users\dyadh\OneDrive\Рабочий стол\FastFy\backend\app\api\v1\routers\user_portfolio\service.py", line 46, in get_portfolio
    skins = await self.portfolio_repository.read_paginate(
  File "C:\Users\dyadh\OneDrive\Рабочий стол\FastFy\backend\app\db\repository\user_skins.py", line 36, in read_paginate
    skins=[
  File "C:\Users\dyadh\OneDrive\Рабочий стол\FastFy\backend\app\db\repository\user_skins.py", line 37, in <listcomp>
    UserSkinRelModel.model_validate(json.loads(model))
  File "C:\Users\dyadh\OneDrive\Рабочий стол\FastFy\venv\lib\site-packages\pydantic\main.py", line 705, in model_validate
    return cls.__pydantic_validator__.validate_python(
pydantic_core._pydantic_core.ValidationError: 5 validation errors for UserSkinRelModel
uuid
  Field required [type=missing, input_value={}, input_type=dict]
    For further information visit https://errors.pydantic.dev/2.11/v/missing
user_uuid
  Field required [type=missing, input_value={}, input_type=dict]
    For further information visit https://errors.pydantic.dev/2.11/v/missing
skin_name
  Field required [type=missing, input_value={}, input_type=dict]
    For further information visit https://errors.pydantic.dev/2.11/v/missing
skin
  Field required [type=missing, input_value={}, input_type=dict]
    For further information visit https://errors.pydantic.dev/2.11/v/missing
user
  Field required [type=missing, input_value={}, input_type=dict]
    For further information visit https://errors.pydantic.dev/2.11/v/missing
INFO 2025-09-07 23:46:22,182 [logs.py (dispatch)] REQUEST FROM Address(host='176.15.166.195', port=0) TO https://916wgs-176-15-166-195.ru.tuna.am/api/v1/user/portfolio?telegram_id=2054556183&offset=0&limit=5
ERROR 2025-09-07 23:46:22,307 [logs.py (dispatch)] error
Traceback (most recent call last):
  File "C:\Users\dyadh\OneDrive\Рабочий стол\FastFy\venv\lib\site-packages\starlette\middleware\base.py", line 148, in call_next
    message = await recv_stream.receive()
  File "C:\Users\dyadh\OneDrive\Рабочий стол\FastFy\venv\lib\site-packages\anyio\streams\memory.py", line 126, in receive
    raise EndOfStream from None
anyio.EndOfStream

During handling of the above exception, another exception occurred:

Traceback (most recent call last):
  File "C:\Users\dyadh\OneDrive\Рабочий стол\FastFy\backend\app\api\v1\middleware\logs.py", line 15, in dispatch
    return await call_next(request)
  File "C:\Users\dyadh\OneDrive\Рабочий стол\FastFy\venv\lib\site-packages\starlette\middleware\base.py", line 156, in call_next
    raise app_exc
  File "C:\Users\dyadh\OneDrive\Рабочий стол\FastFy\venv\lib\site-packages\starlette\middleware\base.py", line 141, in coro
    await self.app(scope, receive_or_disconnect, send_no_error)
  File "C:\Users\dyadh\OneDrive\Рабочий стол\FastFy\venv\lib\site-packages\starlette\middleware\exceptions.py", line 62, in __call__
    await wrap_app_handling_exceptions(self.app, conn)(scope, receive, send)
  File "C:\Users\dyadh\OneDrive\Рабочий стол\FastFy\venv\lib\site-packages\starlette\_exception_handler.py", line 53, in wrapped_app
    raise exc
  File "C:\Users\dyadh\OneDrive\Рабочий стол\FastFy\venv\lib\site-packages\starlette\_exception_handler.py", line 42, in wrapped_app
    await app(scope, receive, sender)
  File "C:\Users\dyadh\OneDrive\Рабочий стол\FastFy\venv\lib\site-packages\starlette\routing.py", line 714, in __call__
    await self.middleware_stack(scope, receive, send)
  File "C:\Users\dyadh\OneDrive\Рабочий стол\FastFy\venv\lib\site-packages\starlette\routing.py", line 734, in app
    await route.handle(scope, receive, send)
  File "C:\Users\dyadh\OneDrive\Рабочий стол\FastFy\venv\lib\site-packages\starlette\routing.py", line 288, in handle
    await self.app(scope, receive, send)
  File "C:\Users\dyadh\OneDrive\Рабочий стол\FastFy\venv\lib\site-packages\starlette\routing.py", line 76, in app
    await wrap_app_handling_exceptions(app, request)(scope, receive, send)
  File "C:\Users\dyadh\OneDrive\Рабочий стол\FastFy\venv\lib\site-packages\starlette\_exception_handler.py", line 53, in wrapped_app
    raise exc
  File "C:\Users\dyadh\OneDrive\Рабочий стол\FastFy\venv\lib\site-packages\starlette\_exception_handler.py", line 42, in wrapped_app
    await app(scope, receive, sender)
  File "C:\Users\dyadh\OneDrive\Рабочий стол\FastFy\venv\lib\site-packages\starlette\routing.py", line 73, in app
    response = await f(request)
  File "C:\Users\dyadh\OneDrive\Рабочий стол\FastFy\venv\lib\site-packages\fastapi\routing.py", line 301, in app
    raw_response = await run_endpoint_function(
  File "C:\Users\dyadh\OneDrive\Рабочий стол\FastFy\venv\lib\site-packages\fastapi\routing.py", line 212, in run_endpoint_function
    return await dependant.call(**values)
  File "C:\Users\dyadh\OneDrive\Рабочий стол\FastFy\backend\app\api\v1\routers\user_portfolio\router.py", line 53, in get_portfolio
    result = await service.get_portfolio(
  File "C:\Users\dyadh\OneDrive\Рабочий стол\FastFy\backend\app\api\v1\routers\user_portfolio\service.py", line 46, in get_portfolio
    skins = await self.portfolio_repository.read_paginate(
  File "C:\Users\dyadh\OneDrive\Рабочий стол\FastFy\backend\app\db\repository\user_skins.py", line 36, in read_paginate
    skins=[
  File "C:\Users\dyadh\OneDrive\Рабочий стол\FastFy\backend\app\db\repository\user_skins.py", line 37, in <listcomp>
    UserSkinRelModel.model_validate(json.loads(model))
  File "C:\Users\dyadh\OneDrive\Рабочий стол\FastFy\venv\lib\site-packages\pydantic\main.py", line 705, in model_validate
    return cls.__pydantic_validator__.validate_python(
pydantic_core._pydantic_core.ValidationError: 5 validation errors for UserSkinRelModel
uuid
  Field required [type=missing, input_value={}, input_type=dict]
    For further information visit https://errors.pydantic.dev/2.11/v/missing
user_uuid
  Field required [type=missing, input_value={}, input_type=dict]
    For further information visit https://errors.pydantic.dev/2.11/v/missing
skin_name
  Field required [type=missing, input_value={}, input_type=dict]
    For further information visit https://errors.pydantic.dev/2.11/v/missing
skin
  Field required [type=missing, input_value={}, input_type=dict]
    For further information visit https://errors.pydantic.dev/2.11/v/missing
user
  Field required [type=missing, input_value={}, input_type=dict]
    For further information visit https://errors.pydantic.dev/2.11/v/missing
INFO 2025-09-07 23:47:00,271 [logs.py (dispatch)] REQUEST FROM Address(host='176.15.166.195', port=0) TO https://916wgs-176-15-166-195.ru.tuna.am/api/v1/user/portfolio?telegram_id=2054556183&offset=0&limit=5
ERROR 2025-09-07 23:47:00,422 [logs.py (dispatch)] error
Traceback (most recent call last):
  File "C:\Users\dyadh\OneDrive\Рабочий стол\FastFy\venv\lib\site-packages\starlette\middleware\base.py", line 148, in call_next
    message = await recv_stream.receive()
  File "C:\Users\dyadh\OneDrive\Рабочий стол\FastFy\venv\lib\site-packages\anyio\streams\memory.py", line 126, in receive
    raise EndOfStream from None
anyio.EndOfStream

During handling of the above exception, another exception occurred:

Traceback (most recent call last):
  File "C:\Users\dyadh\OneDrive\Рабочий стол\FastFy\backend\app\api\v1\middleware\logs.py", line 15, in dispatch
    return await call_next(request)
  File "C:\Users\dyadh\OneDrive\Рабочий стол\FastFy\venv\lib\site-packages\starlette\middleware\base.py", line 156, in call_next
    raise app_exc
  File "C:\Users\dyadh\OneDrive\Рабочий стол\FastFy\venv\lib\site-packages\starlette\middleware\base.py", line 141, in coro
    await self.app(scope, receive_or_disconnect, send_no_error)
  File "C:\Users\dyadh\OneDrive\Рабочий стол\FastFy\venv\lib\site-packages\starlette\middleware\exceptions.py", line 62, in __call__
    await wrap_app_handling_exceptions(self.app, conn)(scope, receive, send)
  File "C:\Users\dyadh\OneDrive\Рабочий стол\FastFy\venv\lib\site-packages\starlette\_exception_handler.py", line 53, in wrapped_app
    raise exc
  File "C:\Users\dyadh\OneDrive\Рабочий стол\FastFy\venv\lib\site-packages\starlette\_exception_handler.py", line 42, in wrapped_app
    await app(scope, receive, sender)
  File "C:\Users\dyadh\OneDrive\Рабочий стол\FastFy\venv\lib\site-packages\starlette\routing.py", line 714, in __call__
    await self.middleware_stack(scope, receive, send)
  File "C:\Users\dyadh\OneDrive\Рабочий стол\FastFy\venv\lib\site-packages\starlette\routing.py", line 734, in app
    await route.handle(scope, receive, send)
  File "C:\Users\dyadh\OneDrive\Рабочий стол\FastFy\venv\lib\site-packages\starlette\routing.py", line 288, in handle
    await self.app(scope, receive, send)
  File "C:\Users\dyadh\OneDrive\Рабочий стол\FastFy\venv\lib\site-packages\starlette\routing.py", line 76, in app
    await wrap_app_handling_exceptions(app, request)(scope, receive, send)
  File "C:\Users\dyadh\OneDrive\Рабочий стол\FastFy\venv\lib\site-packages\starlette\_exception_handler.py", line 53, in wrapped_app
    raise exc
  File "C:\Users\dyadh\OneDrive\Рабочий стол\FastFy\venv\lib\site-packages\starlette\_exception_handler.py", line 42, in wrapped_app
    await app(scope, receive, sender)
  File "C:\Users\dyadh\OneDrive\Рабочий стол\FastFy\venv\lib\site-packages\starlette\routing.py", line 73, in app
    response = await f(request)
  File "C:\Users\dyadh\OneDrive\Рабочий стол\FastFy\venv\lib\site-packages\fastapi\routing.py", line 301, in app
    raw_response = await run_endpoint_function(
  File "C:\Users\dyadh\OneDrive\Рабочий стол\FastFy\venv\lib\site-packages\fastapi\routing.py", line 212, in run_endpoint_function
    return await dependant.call(**values)
  File "C:\Users\dyadh\OneDrive\Рабочий стол\FastFy\backend\app\api\v1\routers\user_portfolio\router.py", line 53, in get_portfolio
    result = await service.get_portfolio(
  File "C:\Users\dyadh\OneDrive\Рабочий стол\FastFy\backend\app\api\v1\routers\user_portfolio\service.py", line 46, in get_portfolio
    skins = await self.portfolio_repository.read_paginate(
  File "C:\Users\dyadh\OneDrive\Рабочий стол\FastFy\backend\app\db\repository\user_skins.py", line 65, in read_paginate
    dump_models = [model.model_dump_json(exclude=False) for model in models]
  File "C:\Users\dyadh\OneDrive\Рабочий стол\FastFy\backend\app\db\repository\user_skins.py", line 65, in <listcomp>
    dump_models = [model.model_dump_json(exclude=False) for model in models]
  File "C:\Users\dyadh\OneDrive\Рабочий стол\FastFy\venv\lib\site-packages\pydantic\main.py", line 519, in model_dump_json
    return self.__pydantic_serializer__.to_json(
pydantic_core._pydantic_core.PydanticSerializationError: Error serializing to JSON: TypeError: `exclude` argument must be a set or dict.
INFO 2025-09-07 23:47:15,980 [logs.py (dispatch)] REQUEST FROM Address(host='176.15.166.195', port=0) TO https://916wgs-176-15-166-195.ru.tuna.am/api/v1/user/notify
INFO 2025-09-07 23:49:40,311 [logs.py (dispatch)] REQUEST FROM Address(host='176.15.166.195', port=0) TO https://916wgs-176-15-166-195.ru.tuna.am/api/v1/user/portfolio?telegram_id=2054556183&offset=0&limit=5
INFO 2025-09-07 23:49:54,723 [logs.py (dispatch)] REQUEST FROM Address(host='176.15.166.195', port=0) TO https://916wgs-176-15-166-195.ru.tuna.am/api/v1/user/portfolio?telegram_id=2054556183&offset=0&limit=5
ERROR 2025-09-07 23:49:54,778 [logs.py (dispatch)] error
Traceback (most recent call last):
  File "C:\Users\dyadh\OneDrive\Рабочий стол\FastFy\venv\lib\site-packages\starlette\middleware\base.py", line 148, in call_next
    message = await recv_stream.receive()
  File "C:\Users\dyadh\OneDrive\Рабочий стол\FastFy\venv\lib\site-packages\anyio\streams\memory.py", line 126, in receive
    raise EndOfStream from None
anyio.EndOfStream

During handling of the above exception, another exception occurred:

Traceback (most recent call last):
  File "C:\Users\dyadh\OneDrive\Рабочий стол\FastFy\backend\app\api\v1\middleware\logs.py", line 15, in dispatch
    return await call_next(request)
  File "C:\Users\dyadh\OneDrive\Рабочий стол\FastFy\venv\lib\site-packages\starlette\middleware\base.py", line 156, in call_next
    raise app_exc
  File "C:\Users\dyadh\OneDrive\Рабочий стол\FastFy\venv\lib\site-packages\starlette\middleware\base.py", line 141, in coro
    await self.app(scope, receive_or_disconnect, send_no_error)
  File "C:\Users\dyadh\OneDrive\Рабочий стол\FastFy\venv\lib\site-packages\starlette\middleware\exceptions.py", line 62, in __call__
    await wrap_app_handling_exceptions(self.app, conn)(scope, receive, send)
  File "C:\Users\dyadh\OneDrive\Рабочий стол\FastFy\venv\lib\site-packages\starlette\_exception_handler.py", line 53, in wrapped_app
    raise exc
  File "C:\Users\dyadh\OneDrive\Рабочий стол\FastFy\venv\lib\site-packages\starlette\_exception_handler.py", line 42, in wrapped_app
    await app(scope, receive, sender)
  File "C:\Users\dyadh\OneDrive\Рабочий стол\FastFy\venv\lib\site-packages\starlette\routing.py", line 714, in __call__
    await self.middleware_stack(scope, receive, send)
  File "C:\Users\dyadh\OneDrive\Рабочий стол\FastFy\venv\lib\site-packages\starlette\routing.py", line 734, in app
    await route.handle(scope, receive, send)
  File "C:\Users\dyadh\OneDrive\Рабочий стол\FastFy\venv\lib\site-packages\starlette\routing.py", line 288, in handle
    await self.app(scope, receive, send)
  File "C:\Users\dyadh\OneDrive\Рабочий стол\FastFy\venv\lib\site-packages\starlette\routing.py", line 76, in app
    await wrap_app_handling_exceptions(app, request)(scope, receive, send)
  File "C:\Users\dyadh\OneDrive\Рабочий стол\FastFy\venv\lib\site-packages\starlette\_exception_handler.py", line 53, in wrapped_app
    raise exc
  File "C:\Users\dyadh\OneDrive\Рабочий стол\FastFy\venv\lib\site-packages\starlette\_exception_handler.py", line 42, in wrapped_app
    await app(scope, receive, sender)
  File "C:\Users\dyadh\OneDrive\Рабочий стол\FastFy\venv\lib\site-packages\starlette\routing.py", line 73, in app
    response = await f(request)
  File "C:\Users\dyadh\OneDrive\Рабочий стол\FastFy\venv\lib\site-packages\fastapi\routing.py", line 301, in app
    raw_response = await run_endpoint_function(
  File "C:\Users\dyadh\OneDrive\Рабочий стол\FastFy\venv\lib\site-packages\fastapi\routing.py", line 212, in run_endpoint_function
    return await dependant.call(**values)
  File "C:\Users\dyadh\OneDrive\Рабочий стол\FastFy\backend\app\api\v1\routers\user_portfolio\router.py", line 53, in get_portfolio
    result = await service.get_portfolio(
  File "C:\Users\dyadh\OneDrive\Рабочий стол\FastFy\backend\app\api\v1\routers\user_portfolio\service.py", line 46, in get_portfolio
    skins = await self.portfolio_repository.read_paginate(
  File "C:\Users\dyadh\OneDrive\Рабочий стол\FastFy\backend\app\db\repository\user_skins.py", line 36, in read_paginate
    skins=[
  File "C:\Users\dyadh\OneDrive\Рабочий стол\FastFy\backend\app\db\repository\user_skins.py", line 37, in <listcomp>
    UserSkinRelModel.model_validate(json.loads(model))
  File "C:\Users\dyadh\OneDrive\Рабочий стол\FastFy\venv\lib\site-packages\pydantic\main.py", line 705, in model_validate
    return cls.__pydantic_validator__.validate_python(
pydantic_core._pydantic_core.ValidationError: 1 validation error for UserSkinRelModel
user
  Field required [type=missing, input_value={'uuid': 'f34f88d3-d4fa-4...e_last_365_day': None}}}, input_type=dict]
    For further information visit https://errors.pydantic.dev/2.11/v/missing
INFO 2025-09-07 23:52:21,009 [logs.py (dispatch)] REQUEST FROM Address(host='176.15.166.195', port=0) TO https://916wgs-176-15-166-195.ru.tuna.am/api/v1/user/portfolio?telegram_id=2054556183&offset=0&limit=5
