INFO 2025-09-08 00:05:56,468 [logs.py (dispatch)] REQUEST FROM Address(host='127.0.0.1', port=62052) TO http://127.0.0.1:8085/
INFO 2025-09-08 00:05:58,784 [logs.py (dispatch)] REQUEST FROM Address(host='127.0.0.1', port=62052) TO http://127.0.0.1:8085/docs
INFO 2025-09-08 00:05:59,890 [logs.py (dispatch)] REQUEST FROM Address(host='127.0.0.1', port=62052) TO http://127.0.0.1:8085/openapi.json
INFO 2025-09-08 00:08:59,460 [logs.py (dispatch)] REQUEST FROM Address(host='176.15.166.195', port=0) TO https://mfn08j-176-15-166-195.ru.tuna.am/api/v1/user?telegram_id=2054556183
INFO 2025-09-08 00:08:59,987 [logs.py (dispatch)] REQUEST FROM Address(host='176.15.166.195', port=0) TO https://mfn08j-176-15-166-195.ru.tuna.am/api/v1/user/portfolio?telegram_id=2054556183&offset=0&limit=5
INFO 2025-09-08 00:09:04,484 [logs.py (dispatch)] REQUEST FROM Address(host='176.15.166.195', port=0) TO https://mfn08j-176-15-166-195.ru.tuna.am/api/v1/user/portfolio?telegram_id=2054556183&offset=0&limit=5
INFO 2025-09-08 00:09:13,817 [logs.py (dispatch)] REQUEST FROM Address(host='176.15.166.195', port=0) TO https://mfn08j-176-15-166-195.ru.tuna.am/api/v1/user/portfolio?telegram_id=2054556183&offset=0&limit=5
INFO 2025-09-08 09:02:48,891 [logs.py (dispatch)] REQUEST FROM Address(host='176.15.166.195', port=0) TO https://6vgk4i-176-15-166-195.ru.tuna.am/api/v1/user?telegram_id=2054556183
INFO 2025-09-08 09:02:58,661 [logs.py (dispatch)] REQUEST FROM Address(host='176.15.166.195', port=0) TO https://6vgk4i-176-15-166-195.ru.tuna.am/api/v1/skin/search?offset=0&limit=5&query=Leet+Museo
INFO 2025-09-08 09:03:02,215 [logs.py (dispatch)] REQUEST FROM Address(host='176.15.166.195', port=0) TO https://6vgk4i-176-15-166-195.ru.tuna.am/api/v1/skin/search?offset=5&limit=5&query=Leet+Museo
INFO 2025-09-08 09:03:04,477 [logs.py (dispatch)] REQUEST FROM Address(host='176.15.166.195', port=0) TO https://6vgk4i-176-15-166-195.ru.tuna.am/api/v1/skin/search?offset=0&limit=5&query=Leet+Museo
INFO 2025-09-08 09:03:12,324 [logs.py (dispatch)] REQUEST FROM Address(host='176.15.166.195', port=0) TO https://6vgk4i-176-15-166-195.ru.tuna.am/api/v1/user/portfolio?telegram_id=2054556183&skin_name=AK-47+%7C+Leet+Museo+%28Battle-Scarred%29
INFO 2025-09-08 09:03:14,949 [logs.py (dispatch)] REQUEST FROM Address(host='176.15.166.195', port=0) TO https://6vgk4i-176-15-166-195.ru.tuna.am/api/v1/user/portfolio?telegram_id=2054556183&skin_name=AK-47+%7C+Leet+Museo+%28Battle-Scarred%29
INFO 2025-09-08 09:03:20,652 [logs.py (dispatch)] REQUEST FROM Address(host='176.15.166.195', port=0) TO https://6vgk4i-176-15-166-195.ru.tuna.am/api/v1/skin/search?offset=5&limit=5&query=Leet+Museo
INFO 2025-09-08 09:03:23,273 [logs.py (dispatch)] REQUEST FROM Address(host='176.15.166.195', port=0) TO https://6vgk4i-176-15-166-195.ru.tuna.am/api/v1/skin/search?offset=0&limit=5&query=Leet+Museo
INFO 2025-09-08 09:03:42,920 [logs.py (dispatch)] REQUEST FROM Address(host='176.15.166.195', port=0) TO https://6vgk4i-176-15-166-195.ru.tuna.am/api/v1/user/portfolio?telegram_id=2054556183&offset=0&limit=5
INFO 2025-09-08 09:03:47,299 [logs.py (dispatch)] REQUEST FROM Address(host='176.15.166.195', port=0) TO https://6vgk4i-176-15-166-195.ru.tuna.am/api/v1/user/portfolio?telegram_id=2054556183&offset=5&limit=5
INFO 2025-09-08 10:35:51,184 [logs.py (dispatch)] REQUEST FROM Address(host='91.238.230.13', port=0) TO https://gbai0u-91-238-230-13.ru.tuna.am/api/v1/user?telegram_id=2054556183
INFO 2025-09-08 10:35:51,685 [logs.py (dispatch)] REQUEST FROM Address(host='91.238.230.13', port=0) TO https://gbai0u-91-238-230-13.ru.tuna.am/api/v1/user/SteamInventory?telegram_id=2054556183&offset=0&limit=5
INFO 2025-09-08 10:35:56,527 [logs.py (dispatch)] REQUEST FROM Address(host='91.238.230.13', port=0) TO https://gbai0u-91-238-230-13.ru.tuna.am/api/v1/user/SteamInventory?telegram_id=2054556183&offset=5&limit=5
INFO 2025-09-08 10:37:06,767 [logs.py (dispatch)] REQUEST FROM Address(host='91.238.230.13', port=0) TO https://gbai0u-91-238-230-13.ru.tuna.am/api/v1/user?telegram_id=2054556183
INFO 2025-09-08 10:37:07,121 [logs.py (dispatch)] REQUEST FROM Address(host='91.238.230.13', port=0) TO https://gbai0u-91-238-230-13.ru.tuna.am/api/v1/user/SteamInventory?telegram_id=2054556183&offset=0&limit=5
INFO 2025-09-08 10:37:10,656 [logs.py (dispatch)] REQUEST FROM Address(host='91.238.230.13', port=0) TO https://gbai0u-91-238-230-13.ru.tuna.am/api/v1/user/SteamInventory?telegram_id=2054556183&offset=5&limit=5
INFO 2025-09-08 10:37:12,350 [logs.py (dispatch)] REQUEST FROM Address(host='91.238.230.13', port=0) TO https://gbai0u-91-238-230-13.ru.tuna.am/api/v1/user/SteamInventory?telegram_id=2054556183&offset=10&limit=5
INFO 2025-09-08 10:37:14,538 [logs.py (dispatch)] REQUEST FROM Address(host='91.238.230.13', port=0) TO https://gbai0u-91-238-230-13.ru.tuna.am/api/v1/user/SteamInventory?telegram_id=2054556183&offset=15&limit=5
INFO 2025-09-08 10:37:16,262 [logs.py (dispatch)] REQUEST FROM Address(host='91.238.230.13', port=0) TO https://gbai0u-91-238-230-13.ru.tuna.am/api/v1/user/SteamInventory?telegram_id=2054556183&offset=20&limit=5
INFO 2025-09-08 10:37:18,390 [logs.py (dispatch)] REQUEST FROM Address(host='91.238.230.13', port=0) TO https://gbai0u-91-238-230-13.ru.tuna.am/api/v1/user/SteamInventory?telegram_id=2054556183&offset=25&limit=5
INFO 2025-09-08 10:37:20,536 [logs.py (dispatch)] REQUEST FROM Address(host='91.238.230.13', port=0) TO https://gbai0u-91-238-230-13.ru.tuna.am/api/v1/user/SteamInventory?telegram_id=2054556183&offset=30&limit=5
INFO 2025-09-08 10:38:56,625 [logs.py (dispatch)] REQUEST FROM Address(host='127.0.0.1', port=50160) TO http://127.0.0.1:8085/
INFO 2025-09-08 10:38:56,729 [logs.py (dispatch)] REQUEST FROM Address(host='127.0.0.1', port=50160) TO http://127.0.0.1:8085/favicon.ico
INFO 2025-09-08 10:38:58,845 [logs.py (dispatch)] REQUEST FROM Address(host='127.0.0.1', port=50160) TO http://127.0.0.1:8085/docs
INFO 2025-09-08 10:38:59,413 [logs.py (dispatch)] REQUEST FROM Address(host='127.0.0.1', port=50160) TO http://127.0.0.1:8085/openapi.json
INFO 2025-09-08 10:42:03,423 [logs.py (dispatch)] REQUEST FROM Address(host='91.238.230.13', port=0) TO https://gbai0u-91-238-230-13.ru.tuna.am/api/v1/user?telegram_id=2054556183
INFO 2025-09-08 10:42:03,962 [logs.py (dispatch)] REQUEST FROM Address(host='91.238.230.13', port=0) TO https://gbai0u-91-238-230-13.ru.tuna.am/api/v1/user/SteamInventory?telegram_id=2054556183&offset=0&limit=5
INFO 2025-09-08 10:42:09,281 [logs.py (dispatch)] REQUEST FROM Address(host='91.238.230.13', port=0) TO https://gbai0u-91-238-230-13.ru.tuna.am/api/v1/user/SteamInventory?telegram_id=2054556183&offset=5&limit=5
INFO 2025-09-08 10:42:12,779 [logs.py (dispatch)] REQUEST FROM Address(host='91.238.230.13', port=0) TO https://gbai0u-91-238-230-13.ru.tuna.am/api/v1/user/SteamInventory?telegram_id=2054556183&offset=10&limit=5
INFO 2025-09-08 10:42:14,665 [logs.py (dispatch)] REQUEST FROM Address(host='91.238.230.13', port=0) TO https://gbai0u-91-238-230-13.ru.tuna.am/api/v1/user/SteamInventory?telegram_id=2054556183&offset=15&limit=5
INFO 2025-09-08 10:42:16,779 [logs.py (dispatch)] REQUEST FROM Address(host='91.238.230.13', port=0) TO https://gbai0u-91-238-230-13.ru.tuna.am/api/v1/user/SteamInventory?telegram_id=2054556183&offset=20&limit=5
INFO 2025-09-08 10:42:18,720 [logs.py (dispatch)] REQUEST FROM Address(host='91.238.230.13', port=0) TO https://gbai0u-91-238-230-13.ru.tuna.am/api/v1/user/SteamInventory?telegram_id=2054556183&offset=25&limit=5
INFO 2025-09-08 10:42:20,744 [logs.py (dispatch)] REQUEST FROM Address(host='91.238.230.13', port=0) TO https://gbai0u-91-238-230-13.ru.tuna.am/api/v1/user/SteamInventory?telegram_id=2054556183&offset=30&limit=5
INFO 2025-09-08 11:28:39,828 [logs.py (dispatch)] REQUEST FROM Address(host='91.238.230.13', port=0) TO https://sww506-91-238-230-13.ru.tuna.am/api/v1/user?telegram_id=2054556183
INFO 2025-09-08 11:28:40,600 [logs.py (dispatch)] REQUEST FROM Address(host='91.238.230.13', port=0) TO https://sww506-91-238-230-13.ru.tuna.am/api/v1/user/SteamInventory?telegram_id=2054556183&offset=0&limit=5
INFO 2025-09-08 11:28:47,776 [logs.py (dispatch)] REQUEST FROM Address(host='91.238.230.13', port=0) TO https://sww506-91-238-230-13.ru.tuna.am/api/v1/user/SteamInventory?telegram_id=2054556183&offset=0&limit=5
INFO 2025-09-08 11:28:52,159 [logs.py (dispatch)] REQUEST FROM Address(host='91.238.230.13', port=0) TO https://sww506-91-238-230-13.ru.tuna.am/api/v1/user/SteamInventory?telegram_id=2054556183&offset=5&limit=5
INFO 2025-09-08 11:28:53,696 [logs.py (dispatch)] REQUEST FROM Address(host='91.238.230.13', port=0) TO https://sww506-91-238-230-13.ru.tuna.am/api/v1/user/SteamInventory?telegram_id=2054556183&offset=10&limit=5
INFO 2025-09-08 11:28:55,414 [logs.py (dispatch)] REQUEST FROM Address(host='91.238.230.13', port=0) TO https://sww506-91-238-230-13.ru.tuna.am/api/v1/user/SteamInventory?telegram_id=2054556183&offset=15&limit=5
INFO 2025-09-08 11:28:57,057 [logs.py (dispatch)] REQUEST FROM Address(host='91.238.230.13', port=0) TO https://sww506-91-238-230-13.ru.tuna.am/api/v1/user/SteamInventory?telegram_id=2054556183&offset=20&limit=5
INFO 2025-09-08 11:28:58,636 [logs.py (dispatch)] REQUEST FROM Address(host='91.238.230.13', port=0) TO https://sww506-91-238-230-13.ru.tuna.am/api/v1/user/SteamInventory?telegram_id=2054556183&offset=25&limit=5
INFO 2025-09-08 11:29:01,819 [logs.py (dispatch)] REQUEST FROM Address(host='91.238.230.13', port=0) TO https://sww506-91-238-230-13.ru.tuna.am/api/v1/user/SteamInventory?telegram_id=2054556183&offset=30&limit=5
INFO 2025-09-08 11:30:44,339 [logs.py (dispatch)] REQUEST FROM Address(host='91.238.230.13', port=0) TO https://sww506-91-238-230-13.ru.tuna.am/api/v1/user/SteamInventory?telegram_id=2054556183&offset=0&limit=5
INFO 2025-09-08 11:30:47,256 [logs.py (dispatch)] REQUEST FROM Address(host='91.238.230.13', port=0) TO https://sww506-91-238-230-13.ru.tuna.am/api/v1/user/SteamInventory?telegram_id=2054556183&offset=5&limit=5
INFO 2025-09-08 11:30:48,741 [logs.py (dispatch)] REQUEST FROM Address(host='91.238.230.13', port=0) TO https://sww506-91-238-230-13.ru.tuna.am/api/v1/user/SteamInventory?telegram_id=2054556183&offset=10&limit=5
INFO 2025-09-08 11:30:50,620 [logs.py (dispatch)] REQUEST FROM Address(host='91.238.230.13', port=0) TO https://sww506-91-238-230-13.ru.tuna.am/api/v1/user/SteamInventory?telegram_id=2054556183&offset=15&limit=5
INFO 2025-09-08 11:30:52,379 [logs.py (dispatch)] REQUEST FROM Address(host='91.238.230.13', port=0) TO https://sww506-91-238-230-13.ru.tuna.am/api/v1/user/SteamInventory?telegram_id=2054556183&offset=20&limit=5
INFO 2025-09-08 11:30:54,364 [logs.py (dispatch)] REQUEST FROM Address(host='91.238.230.13', port=0) TO https://sww506-91-238-230-13.ru.tuna.am/api/v1/user/SteamInventory?telegram_id=2054556183&offset=25&limit=5
INFO 2025-09-08 11:30:56,177 [logs.py (dispatch)] REQUEST FROM Address(host='91.238.230.13', port=0) TO https://sww506-91-238-230-13.ru.tuna.am/api/v1/user/SteamInventory?telegram_id=2054556183&offset=30&limit=5
INFO 2025-09-08 11:33:34,626 [logs.py (dispatch)] REQUEST FROM Address(host='91.238.230.13', port=0) TO https://sww506-91-238-230-13.ru.tuna.am/api/v1/user/notify
INFO 2025-09-08 11:37:07,493 [logs.py (dispatch)] REQUEST FROM Address(host='91.238.230.13', port=0) TO https://sww506-91-238-230-13.ru.tuna.am/api/v1/user/SteamInventory?telegram_id=2054556183&offset=30&limit=5
INFO 2025-09-08 11:37:25,107 [logs.py (dispatch)] REQUEST FROM Address(host='91.238.230.13', port=0) TO https://sww506-91-238-230-13.ru.tuna.am/api/v1/user/SteamInventory?telegram_id=2054556183&offset=30&limit=5
INFO 2025-09-08 11:40:51,806 [logs.py (dispatch)] REQUEST FROM Address(host='91.238.230.13', port=0) TO https://sww506-91-238-230-13.ru.tuna.am/api/v1/user?telegram_id=2054556183
INFO 2025-09-08 11:40:52,267 [logs.py (dispatch)] REQUEST FROM Address(host='91.238.230.13', port=0) TO https://sww506-91-238-230-13.ru.tuna.am/api/v1/user/SteamInventory?telegram_id=2054556183&offset=30&limit=5
INFO 2025-09-08 11:41:11,536 [logs.py (dispatch)] REQUEST FROM Address(host='91.238.230.13', port=0) TO https://sww506-91-238-230-13.ru.tuna.am/api/v1/user/SteamInventory?telegram_id=2054556183&offset=20&limit=5
INFO 2025-09-08 11:41:15,220 [logs.py (dispatch)] REQUEST FROM Address(host='91.238.230.13', port=0) TO https://sww506-91-238-230-13.ru.tuna.am/api/v1/user/SteamInventory?telegram_id=2054556183&offset=15&limit=5
INFO 2025-09-08 11:41:17,682 [logs.py (dispatch)] REQUEST FROM Address(host='91.238.230.13', port=0) TO https://sww506-91-238-230-13.ru.tuna.am/api/v1/user/SteamInventory?telegram_id=2054556183&offset=10&limit=5
INFO 2025-09-08 11:41:19,946 [logs.py (dispatch)] REQUEST FROM Address(host='91.238.230.13', port=0) TO https://sww506-91-238-230-13.ru.tuna.am/api/v1/user/SteamInventory?telegram_id=2054556183&offset=5&limit=5
INFO 2025-09-08 11:45:30,584 [logs.py (dispatch)] REQUEST FROM Address(host='91.238.230.13', port=0) TO https://sww506-91-238-230-13.ru.tuna.am/api/v1/user/notify
INFO 2025-09-08 11:49:23,977 [logs.py (dispatch)] REQUEST FROM Address(host='91.238.230.13', port=0) TO https://sww506-91-238-230-13.ru.tuna.am/api/v1/skin/search?offset=0&limit=5&query=Glock
INFO 2025-09-08 11:49:29,810 [logs.py (dispatch)] REQUEST FROM Address(host='91.238.230.13', port=0) TO https://sww506-91-238-230-13.ru.tuna.am/api/v1/skin/search?offset=5&limit=5&query=Glock
INFO 2025-09-08 11:49:35,590 [logs.py (dispatch)] REQUEST FROM Address(host='91.238.230.13', port=0) TO https://sww506-91-238-230-13.ru.tuna.am/api/v1/skin/search?offset=10&limit=5&query=Glock
INFO 2025-09-08 11:49:44,078 [logs.py (dispatch)] REQUEST FROM Address(host='91.238.230.13', port=0) TO https://sww506-91-238-230-13.ru.tuna.am/api/v1/skin/search?offset=15&limit=5&query=Glock
INFO 2025-09-08 11:49:45,696 [logs.py (dispatch)] REQUEST FROM Address(host='91.238.230.13', port=0) TO https://sww506-91-238-230-13.ru.tuna.am/api/v1/skin/search?offset=20&limit=5&query=Glock
INFO 2025-09-08 11:49:47,233 [logs.py (dispatch)] REQUEST FROM Address(host='91.238.230.13', port=0) TO https://sww506-91-238-230-13.ru.tuna.am/api/v1/skin/search?offset=25&limit=5&query=Glock
INFO 2025-09-08 11:49:51,195 [logs.py (dispatch)] REQUEST FROM Address(host='91.238.230.13', port=0) TO https://sww506-91-238-230-13.ru.tuna.am/api/v1/skin/search?offset=20&limit=5&query=Glock
INFO 2025-09-08 11:49:54,867 [logs.py (dispatch)] REQUEST FROM Address(host='91.238.230.13', port=0) TO https://sww506-91-238-230-13.ru.tuna.am/api/v1/user/portfolio?telegram_id=2054556183&skin_name=Glock-18+%7C+Fade+%28Factory+New%29
INFO 2025-09-08 11:49:57,146 [logs.py (dispatch)] REQUEST FROM Address(host='91.238.230.13', port=0) TO https://sww506-91-238-230-13.ru.tuna.am/api/v1/user/portfolio?telegram_id=2054556183&skin_name=Glock-18+%7C+Fade+%28Factory+New%29
INFO 2025-09-08 11:50:01,094 [logs.py (dispatch)] REQUEST FROM Address(host='91.238.230.13', port=0) TO https://sww506-91-238-230-13.ru.tuna.am/api/v1/user/portfolio?telegram_id=2054556183&offset=0&limit=5
INFO 2025-09-08 11:59:52,061 [logs.py (dispatch)] REQUEST FROM Address(host='91.238.230.13', port=0) TO https://y39764-91-238-230-13.ru.tuna.am/api/v1/user?telegram_id=2054556183
INFO 2025-09-08 11:59:52,461 [logs.py (dispatch)] REQUEST FROM Address(host='91.238.230.13', port=0) TO https://y39764-91-238-230-13.ru.tuna.am/api/v1/user/SteamInventory?telegram_id=2054556183&offset=0&limit=5
INFO 2025-09-08 11:59:59,044 [logs.py (dispatch)] REQUEST FROM Address(host='91.238.230.13', port=0) TO https://y39764-91-238-230-13.ru.tuna.am/api/v1/user/portfolio?telegram_id=2054556183&skin_name=Revolution+Case
INFO 2025-09-08 12:00:01,177 [logs.py (dispatch)] REQUEST FROM Address(host='91.238.230.13', port=0) TO https://y39764-91-238-230-13.ru.tuna.am/api/v1/user/portfolio?telegram_id=2054556183&skin_name=Revolution+Case
INFO 2025-09-08 12:00:06,299 [logs.py (dispatch)] REQUEST FROM Address(host='91.238.230.13', port=0) TO https://y39764-91-238-230-13.ru.tuna.am/api/v1/user/portfolio?telegram_id=2054556183&offset=0&limit=5
INFO 2025-09-08 12:00:09,460 [logs.py (dispatch)] REQUEST FROM Address(host='91.238.230.13', port=0) TO https://y39764-91-238-230-13.ru.tuna.am/api/v1/user/portfolio?telegram_id=2054556183&skin_name=Spectrum+Case
INFO 2025-09-08 12:00:13,051 [logs.py (dispatch)] REQUEST FROM Address(host='91.238.230.13', port=0) TO https://y39764-91-238-230-13.ru.tuna.am/api/v1/user/portfolio?telegram_id=2054556183&offset=5&limit=5
INFO 2025-09-08 12:00:15,369 [logs.py (dispatch)] REQUEST FROM Address(host='91.238.230.13', port=0) TO https://y39764-91-238-230-13.ru.tuna.am/api/v1/user/portfolio?telegram_id=2054556183&offset=0&limit=5
INFO 2025-09-08 12:00:23,408 [logs.py (dispatch)] REQUEST FROM Address(host='91.238.230.13', port=0) TO https://y39764-91-238-230-13.ru.tuna.am/api/v1/user/portfolio?telegram_id=2054556183&offset=5&limit=5
INFO 2025-09-08 12:00:25,820 [logs.py (dispatch)] REQUEST FROM Address(host='91.238.230.13', port=0) TO https://y39764-91-238-230-13.ru.tuna.am/api/v1/user/portfolio?telegram_id=2054556183&offset=0&limit=5
INFO 2025-09-08 12:00:28,071 [logs.py (dispatch)] REQUEST FROM Address(host='91.238.230.13', port=0) TO https://y39764-91-238-230-13.ru.tuna.am/api/v1/user/portfolio?telegram_id=2054556183&offset=0&limit=5
INFO 2025-09-08 12:00:32,385 [logs.py (dispatch)] REQUEST FROM Address(host='91.238.230.13', port=0) TO https://y39764-91-238-230-13.ru.tuna.am/api/v1/user/portfolio?telegram_id=2054556183&offset=5&limit=5
INFO 2025-09-08 12:00:34,887 [logs.py (dispatch)] REQUEST FROM Address(host='91.238.230.13', port=0) TO https://y39764-91-238-230-13.ru.tuna.am/api/v1/user/portfolio?telegram_id=2054556183&offset=0&limit=5
INFO 2025-09-08 12:00:46,839 [logs.py (dispatch)] REQUEST FROM Address(host='91.238.230.13', port=0) TO https://y39764-91-238-230-13.ru.tuna.am/api/v1/user/SteamInventory?telegram_id=2054556183&offset=0&limit=5
INFO 2025-09-08 12:00:48,946 [logs.py (dispatch)] REQUEST FROM Address(host='91.238.230.13', port=0) TO https://y39764-91-238-230-13.ru.tuna.am/api/v1/user/SteamInventory?telegram_id=2054556183&offset=5&limit=5
INFO 2025-09-08 12:00:50,887 [logs.py (dispatch)] REQUEST FROM Address(host='91.238.230.13', port=0) TO https://y39764-91-238-230-13.ru.tuna.am/api/v1/user/SteamInventory?telegram_id=2054556183&offset=10&limit=5
INFO 2025-09-08 12:00:52,670 [logs.py (dispatch)] REQUEST FROM Address(host='91.238.230.13', port=0) TO https://y39764-91-238-230-13.ru.tuna.am/api/v1/user/SteamInventory?telegram_id=2054556183&offset=15&limit=5
INFO 2025-09-08 12:00:54,272 [logs.py (dispatch)] REQUEST FROM Address(host='91.238.230.13', port=0) TO https://y39764-91-238-230-13.ru.tuna.am/api/v1/user/SteamInventory?telegram_id=2054556183&offset=20&limit=5
INFO 2025-09-08 12:01:00,678 [logs.py (dispatch)] REQUEST FROM Address(host='91.238.230.13', port=0) TO https://y39764-91-238-230-13.ru.tuna.am/api/v1/user/SteamInventory?telegram_id=2054556183&offset=25&limit=5
INFO 2025-09-08 12:01:02,695 [logs.py (dispatch)] REQUEST FROM Address(host='91.238.230.13', port=0) TO https://y39764-91-238-230-13.ru.tuna.am/api/v1/user/SteamInventory?telegram_id=2054556183&offset=30&limit=5
INFO 2025-09-08 12:01:07,314 [logs.py (dispatch)] REQUEST FROM Address(host='91.238.230.13', port=0) TO https://y39764-91-238-230-13.ru.tuna.am/api/v1/user/SteamInventory?telegram_id=2054556183&offset=20&limit=5
INFO 2025-09-08 12:01:08,900 [logs.py (dispatch)] REQUEST FROM Address(host='91.238.230.13', port=0) TO https://y39764-91-238-230-13.ru.tuna.am/api/v1/user/SteamInventory?telegram_id=2054556183&offset=15&limit=5
INFO 2025-09-08 12:50:55,153 [logs.py (dispatch)] REQUEST FROM Address(host='91.238.230.13', port=0) TO https://eke4dm-91-238-230-13.ru.tuna.am/api/v1/user?telegram_id=2054556183
INFO 2025-09-08 12:50:55,532 [logs.py (dispatch)] REQUEST FROM Address(host='91.238.230.13', port=0) TO https://eke4dm-91-238-230-13.ru.tuna.am/api/v1/user/portfolio?telegram_id=2054556183&offset=0&limit=5
INFO 2025-09-08 12:50:59,029 [logs.py (dispatch)] REQUEST FROM Address(host='91.238.230.13', port=0) TO https://eke4dm-91-238-230-13.ru.tuna.am/api/v1/user/portfolio?telegram_id=2054556183&offset=5&limit=5
INFO 2025-09-08 12:51:00,714 [logs.py (dispatch)] REQUEST FROM Address(host='91.238.230.13', port=0) TO https://eke4dm-91-238-230-13.ru.tuna.am/api/v1/user/portfolio?telegram_id=2054556183&offset=0&limit=5
INFO 2025-09-08 12:51:13,849 [logs.py (dispatch)] REQUEST FROM Address(host='91.238.230.13', port=0) TO https://eke4dm-91-238-230-13.ru.tuna.am/api/v1/user/portfolio?telegram_id=2054556183&offset=5&limit=5
INFO 2025-09-08 16:53:42,553 [logs.py (dispatch)] REQUEST FROM Address(host='176.15.166.158', port=0) TO https://wz51jx-176-15-166-158.ru.tuna.am/api/v1/user?telegram_id=2054556183
INFO 2025-09-08 16:53:43,012 [logs.py (dispatch)] REQUEST FROM Address(host='176.15.166.158', port=0) TO https://wz51jx-176-15-166-158.ru.tuna.am/api/v1/user/portfolio?telegram_id=2054556183&offset=0&limit=5
INFO 2025-09-08 16:53:48,493 [logs.py (dispatch)] REQUEST FROM Address(host='176.15.166.158', port=0) TO https://wz51jx-176-15-166-158.ru.tuna.am/api/v1/skin?skin_name=AK-47+%7C+Leet+Museo+%28Well-Worn%29
ERROR 2025-09-08 16:53:48,561 [logs.py (dispatch)] error
Traceback (most recent call last):
  File "C:\Users\dyadh\OneDrive\Рабочий стол\FastFy\venv\lib\site-packages\starlette\middleware\base.py", line 148, in call_next
    message = await recv_stream.receive()
  File "C:\Users\dyadh\OneDrive\Рабочий стол\FastFy\venv\lib\site-packages\anyio\streams\memory.py", line 126, in receive
    raise EndOfStream from None
anyio.EndOfStream

During handling of the above exception, another exception occurred:

Traceback (most recent call last):
  File "C:\Users\dyadh\OneDrive\Рабочий стол\FastFy\backend\app\api\v1\middleware\logs.py", line 15, in dispatch
    return await call_next(request)
  File "C:\Users\dyadh\OneDrive\Рабочий стол\FastFy\venv\lib\site-packages\starlette\middleware\base.py", line 156, in call_next
    raise app_exc
  File "C:\Users\dyadh\OneDrive\Рабочий стол\FastFy\venv\lib\site-packages\starlette\middleware\base.py", line 141, in coro
    await self.app(scope, receive_or_disconnect, send_no_error)
  File "C:\Users\dyadh\OneDrive\Рабочий стол\FastFy\venv\lib\site-packages\starlette\middleware\exceptions.py", line 62, in __call__
    await wrap_app_handling_exceptions(self.app, conn)(scope, receive, send)
  File "C:\Users\dyadh\OneDrive\Рабочий стол\FastFy\venv\lib\site-packages\starlette\_exception_handler.py", line 53, in wrapped_app
    raise exc
  File "C:\Users\dyadh\OneDrive\Рабочий стол\FastFy\venv\lib\site-packages\starlette\_exception_handler.py", line 42, in wrapped_app
    await app(scope, receive, sender)
  File "C:\Users\dyadh\OneDrive\Рабочий стол\FastFy\venv\lib\site-packages\starlette\routing.py", line 714, in __call__
    await self.middleware_stack(scope, receive, send)
  File "C:\Users\dyadh\OneDrive\Рабочий стол\FastFy\venv\lib\site-packages\starlette\routing.py", line 734, in app
    await route.handle(scope, receive, send)
  File "C:\Users\dyadh\OneDrive\Рабочий стол\FastFy\venv\lib\site-packages\starlette\routing.py", line 288, in handle
    await self.app(scope, receive, send)
  File "C:\Users\dyadh\OneDrive\Рабочий стол\FastFy\venv\lib\site-packages\starlette\routing.py", line 76, in app
    await wrap_app_handling_exceptions(app, request)(scope, receive, send)
  File "C:\Users\dyadh\OneDrive\Рабочий стол\FastFy\venv\lib\site-packages\starlette\_exception_handler.py", line 53, in wrapped_app
    raise exc
  File "C:\Users\dyadh\OneDrive\Рабочий стол\FastFy\venv\lib\site-packages\starlette\_exception_handler.py", line 42, in wrapped_app
    await app(scope, receive, sender)
  File "C:\Users\dyadh\OneDrive\Рабочий стол\FastFy\venv\lib\site-packages\starlette\routing.py", line 73, in app
    response = await f(request)
  File "C:\Users\dyadh\OneDrive\Рабочий стол\FastFy\venv\lib\site-packages\fastapi\routing.py", line 301, in app
    raw_response = await run_endpoint_function(
  File "C:\Users\dyadh\OneDrive\Рабочий стол\FastFy\venv\lib\site-packages\fastapi\routing.py", line 212, in run_endpoint_function
    return await dependant.call(**values)
  File "C:\Users\dyadh\OneDrive\Рабочий стол\FastFy\backend\app\api\v1\routers\skin\router.py", line 46, in get_skin
    result = await service.get_skin(
  File "C:\Users\dyadh\OneDrive\Рабочий стол\FastFy\backend\app\api\v1\routers\skin\service.py", line 27, in get_skin
    result = await self.skin_repository.read(
  File "C:\Users\dyadh\OneDrive\Рабочий стол\FastFy\backend\app\db\repository\base.py", line 50, in read
    pydantic_model = pydantic_model.model_validate(result, from_attributes=True)
AttributeError: 'NoneType' object has no attribute 'model_validate'
INFO 2025-09-08 16:54:29,754 [logs.py (dispatch)] REQUEST FROM Address(host='176.15.166.158', port=0) TO https://wz51jx-176-15-166-158.ru.tuna.am/api/v1/skin?skin_name=Revolution+Case
ERROR 2025-09-08 16:54:29,801 [logs.py (dispatch)] error
Traceback (most recent call last):
  File "C:\Users\dyadh\OneDrive\Рабочий стол\FastFy\venv\lib\site-packages\starlette\middleware\base.py", line 148, in call_next
    message = await recv_stream.receive()
  File "C:\Users\dyadh\OneDrive\Рабочий стол\FastFy\venv\lib\site-packages\anyio\streams\memory.py", line 126, in receive
    raise EndOfStream from None
anyio.EndOfStream

During handling of the above exception, another exception occurred:

Traceback (most recent call last):
  File "C:\Users\dyadh\OneDrive\Рабочий стол\FastFy\backend\app\api\v1\middleware\logs.py", line 15, in dispatch
    return await call_next(request)
  File "C:\Users\dyadh\OneDrive\Рабочий стол\FastFy\venv\lib\site-packages\starlette\middleware\base.py", line 156, in call_next
    raise app_exc
  File "C:\Users\dyadh\OneDrive\Рабочий стол\FastFy\venv\lib\site-packages\starlette\middleware\base.py", line 141, in coro
    await self.app(scope, receive_or_disconnect, send_no_error)
  File "C:\Users\dyadh\OneDrive\Рабочий стол\FastFy\venv\lib\site-packages\starlette\middleware\exceptions.py", line 62, in __call__
    await wrap_app_handling_exceptions(self.app, conn)(scope, receive, send)
  File "C:\Users\dyadh\OneDrive\Рабочий стол\FastFy\venv\lib\site-packages\starlette\_exception_handler.py", line 53, in wrapped_app
    raise exc
  File "C:\Users\dyadh\OneDrive\Рабочий стол\FastFy\venv\lib\site-packages\starlette\_exception_handler.py", line 42, in wrapped_app
    await app(scope, receive, sender)
  File "C:\Users\dyadh\OneDrive\Рабочий стол\FastFy\venv\lib\site-packages\starlette\routing.py", line 714, in __call__
    await self.middleware_stack(scope, receive, send)
  File "C:\Users\dyadh\OneDrive\Рабочий стол\FastFy\venv\lib\site-packages\starlette\routing.py", line 734, in app
    await route.handle(scope, receive, send)
  File "C:\Users\dyadh\OneDrive\Рабочий стол\FastFy\venv\lib\site-packages\starlette\routing.py", line 288, in handle
    await self.app(scope, receive, send)
  File "C:\Users\dyadh\OneDrive\Рабочий стол\FastFy\venv\lib\site-packages\starlette\routing.py", line 76, in app
    await wrap_app_handling_exceptions(app, request)(scope, receive, send)
  File "C:\Users\dyadh\OneDrive\Рабочий стол\FastFy\venv\lib\site-packages\starlette\_exception_handler.py", line 53, in wrapped_app
    raise exc
  File "C:\Users\dyadh\OneDrive\Рабочий стол\FastFy\venv\lib\site-packages\starlette\_exception_handler.py", line 42, in wrapped_app
    await app(scope, receive, sender)
  File "C:\Users\dyadh\OneDrive\Рабочий стол\FastFy\venv\lib\site-packages\starlette\routing.py", line 73, in app
    response = await f(request)
  File "C:\Users\dyadh\OneDrive\Рабочий стол\FastFy\venv\lib\site-packages\fastapi\routing.py", line 301, in app
    raw_response = await run_endpoint_function(
  File "C:\Users\dyadh\OneDrive\Рабочий стол\FastFy\venv\lib\site-packages\fastapi\routing.py", line 212, in run_endpoint_function
    return await dependant.call(**values)
  File "C:\Users\dyadh\OneDrive\Рабочий стол\FastFy\backend\app\api\v1\routers\skin\router.py", line 46, in get_skin
    result = await service.get_skin(
  File "C:\Users\dyadh\OneDrive\Рабочий стол\FastFy\backend\app\api\v1\routers\skin\service.py", line 27, in get_skin
    result = await self.skin_repository.read(
  File "C:\Users\dyadh\OneDrive\Рабочий стол\FastFy\backend\app\db\repository\base.py", line 50, in read
    pydantic_model = pydantic_model.model_validate(result, from_attributes=True)
AttributeError: 'NoneType' object has no attribute 'model_validate'
INFO 2025-09-08 16:56:55,444 [logs.py (dispatch)] REQUEST FROM Address(host='176.15.166.158', port=0) TO https://wz51jx-176-15-166-158.ru.tuna.am/api/v1/skin?skin_name=Revolution+Case
INFO 2025-09-08 17:09:06,766 [logs.py (dispatch)] REQUEST FROM Address(host='176.15.166.158', port=0) TO https://wz51jx-176-15-166-158.ru.tuna.am/api/v1/user?telegram_id=2054556183
INFO 2025-09-08 17:09:07,222 [logs.py (dispatch)] REQUEST FROM Address(host='176.15.166.158', port=0) TO https://wz51jx-176-15-166-158.ru.tuna.am/api/v1/skin?skin_name=Revolution+Case
INFO 2025-09-08 17:09:52,794 [logs.py (dispatch)] REQUEST FROM Address(host='176.15.166.158', port=0) TO https://wz51jx-176-15-166-158.ru.tuna.am/api/v1/user?telegram_id=2054556183
INFO 2025-09-08 17:09:53,136 [logs.py (dispatch)] REQUEST FROM Address(host='176.15.166.158', port=0) TO https://wz51jx-176-15-166-158.ru.tuna.am/api/v1/user/portfolio?telegram_id=2054556183&offset=0&limit=5
INFO 2025-09-08 17:09:58,202 [logs.py (dispatch)] REQUEST FROM Address(host='176.15.166.158', port=0) TO https://wz51jx-176-15-166-158.ru.tuna.am/api/v1/skin?skin_name=Horizon+Case
INFO 2025-09-08 17:10:48,139 [logs.py (dispatch)] REQUEST FROM Address(host='176.15.166.158', port=0) TO https://wz51jx-176-15-166-158.ru.tuna.am/api/v1/user?telegram_id=2054556183
INFO 2025-09-08 17:10:48,439 [logs.py (dispatch)] REQUEST FROM Address(host='176.15.166.158', port=0) TO https://wz51jx-176-15-166-158.ru.tuna.am/api/v1/skin?skin_name=Horizon+Case
INFO 2025-09-08 17:20:20,782 [logs.py (dispatch)] REQUEST FROM Address(host='176.15.166.158', port=0) TO https://wz51jx-176-15-166-158.ru.tuna.am/api/v1/user?telegram_id=2054556183
INFO 2025-09-08 17:20:21,090 [logs.py (dispatch)] REQUEST FROM Address(host='176.15.166.158', port=0) TO https://wz51jx-176-15-166-158.ru.tuna.am/api/v1/skin?skin_name=Revolution+Case
INFO 2025-09-08 17:20:45,178 [logs.py (dispatch)] REQUEST FROM Address(host='176.15.166.158', port=0) TO https://wz51jx-176-15-166-158.ru.tuna.am/api/v1/user/portfolio?telegram_id=2054556183&offset=0&limit=5
INFO 2025-09-08 17:20:48,342 [logs.py (dispatch)] REQUEST FROM Address(host='176.15.166.158', port=0) TO https://wz51jx-176-15-166-158.ru.tuna.am/api/v1/user/portfolio?telegram_id=2054556183&offset=5&limit=5
INFO 2025-09-08 17:20:50,356 [logs.py (dispatch)] REQUEST FROM Address(host='176.15.166.158', port=0) TO https://wz51jx-176-15-166-158.ru.tuna.am/api/v1/skin?skin_name=Spectrum+Case
INFO 2025-09-08 17:21:04,667 [logs.py (dispatch)] REQUEST FROM Address(host='176.15.166.158', port=0) TO https://wz51jx-176-15-166-158.ru.tuna.am/api/v1/user/portfolio?telegram_id=2054556183&skin_name=Spectrum+Case
INFO 2025-09-08 17:21:07,754 [logs.py (dispatch)] REQUEST FROM Address(host='176.15.166.158', port=0) TO https://wz51jx-176-15-166-158.ru.tuna.am/api/v1/user/portfolio?telegram_id=2054556183&offset=0&limit=5
INFO 2025-09-08 17:21:09,682 [logs.py (dispatch)] REQUEST FROM Address(host='176.15.166.158', port=0) TO https://wz51jx-176-15-166-158.ru.tuna.am/api/v1/user/portfolio?telegram_id=2054556183&offset=5&limit=5
INFO 2025-09-08 17:21:13,954 [logs.py (dispatch)] REQUEST FROM Address(host='176.15.166.158', port=0) TO https://wz51jx-176-15-166-158.ru.tuna.am/api/v1/user/portfolio?telegram_id=2054556183&offset=0&limit=5
INFO 2025-09-08 17:21:15,331 [logs.py (dispatch)] REQUEST FROM Address(host='176.15.166.158', port=0) TO https://wz51jx-176-15-166-158.ru.tuna.am/api/v1/user/portfolio?telegram_id=2054556183&offset=5&limit=5
INFO 2025-09-08 17:21:17,183 [logs.py (dispatch)] REQUEST FROM Address(host='176.15.166.158', port=0) TO https://wz51jx-176-15-166-158.ru.tuna.am/api/v1/skin?skin_name=Spectrum+Case
INFO 2025-09-08 17:21:21,350 [logs.py (dispatch)] REQUEST FROM Address(host='176.15.166.158', port=0) TO https://wz51jx-176-15-166-158.ru.tuna.am/api/v1/user/portfolio?telegram_id=2054556183&skin_name=Spectrum+Case
INFO 2025-09-08 17:22:36,916 [logs.py (dispatch)] REQUEST FROM Address(host='176.15.166.158', port=0) TO https://wz51jx-176-15-166-158.ru.tuna.am/api/v1/user/portfolio?telegram_id=2054556183&offset=0&limit=5
INFO 2025-09-08 17:22:55,478 [logs.py (dispatch)] REQUEST FROM Address(host='176.15.166.158', port=0) TO https://wz51jx-176-15-166-158.ru.tuna.am/api/v1/skin/search?offset=0&limit=5&query=Case
INFO 2025-09-08 17:27:13,270 [logs.py (dispatch)] REQUEST FROM Address(host='176.15.166.158', port=0) TO https://w35umx-176-15-166-158.ru.tuna.am/api/v1/user?telegram_id=2054556183
INFO 2025-09-08 17:27:19,019 [logs.py (dispatch)] REQUEST FROM Address(host='176.15.166.158', port=0) TO https://w35umx-176-15-166-158.ru.tuna.am/api/v1/skin/search?offset=0&limit=5&query=Case
INFO 2025-09-08 17:27:25,589 [logs.py (dispatch)] REQUEST FROM Address(host='176.15.166.158', port=0) TO https://w35umx-176-15-166-158.ru.tuna.am/api/v1/user/portfolio?telegram_id=2054556183&skin_name=eSports+2013+Winter+Case
INFO 2025-09-08 17:27:57,755 [logs.py (dispatch)] REQUEST FROM Address(host='176.15.166.158', port=0) TO https://w35umx-176-15-166-158.ru.tuna.am/api/v1/user/portfolio?telegram_id=2054556183&offset=0&limit=5
INFO 2025-09-08 17:27:59,727 [logs.py (dispatch)] REQUEST FROM Address(host='176.15.166.158', port=0) TO https://w35umx-176-15-166-158.ru.tuna.am/api/v1/skin?skin_name=eSports+2013+Winter+Case
INFO 2025-09-08 17:28:11,868 [logs.py (dispatch)] REQUEST FROM Address(host='176.15.166.158', port=0) TO https://w35umx-176-15-166-158.ru.tuna.am/api/v1/skin?skin_name=eSports+2013+Winter+Case
INFO 2025-09-08 17:28:15,268 [logs.py (dispatch)] REQUEST FROM Address(host='176.15.166.158', port=0) TO https://w35umx-176-15-166-158.ru.tuna.am/api/v1/user/portfolio?telegram_id=2054556183&skin_name=eSports+2013+Winter+Case
INFO 2025-09-08 17:28:33,621 [logs.py (dispatch)] REQUEST FROM Address(host='176.15.166.158', port=0) TO https://w35umx-176-15-166-158.ru.tuna.am/api/v1/skin?skin_name=eSports+2013+Winter+Case
INFO 2025-09-08 17:28:37,167 [logs.py (dispatch)] REQUEST FROM Address(host='176.15.166.158', port=0) TO https://w35umx-176-15-166-158.ru.tuna.am/api/v1/user/portfolio?telegram_id=2054556183&skin_name=eSports+2013+Winter+Case
INFO 2025-09-08 17:28:45,171 [logs.py (dispatch)] REQUEST FROM Address(host='176.15.166.158', port=0) TO https://w35umx-176-15-166-158.ru.tuna.am/api/v1/skin?skin_name=eSports+2013+Winter+Case
INFO 2025-09-08 17:30:25,154 [logs.py (dispatch)] REQUEST FROM Address(host='176.15.166.158', port=0) TO https://w35umx-176-15-166-158.ru.tuna.am/api/v1/user/portfolio?telegram_id=2054556183&skin_name=eSports+2013+Winter+Case
INFO 2025-09-08 17:30:45,318 [logs.py (dispatch)] REQUEST FROM Address(host='176.15.166.158', port=0) TO https://w35umx-176-15-166-158.ru.tuna.am/api/v1/skin?skin_name=eSports+2013+Winter+Case
INFO 2025-09-08 17:30:49,523 [logs.py (dispatch)] REQUEST FROM Address(host='176.15.166.158', port=0) TO https://w35umx-176-15-166-158.ru.tuna.am/api/v1/user/portfolio?telegram_id=2054556183&skin_name=eSports+2013+Winter+Case
INFO 2025-09-08 17:30:57,143 [logs.py (dispatch)] REQUEST FROM Address(host='176.15.166.158', port=0) TO https://w35umx-176-15-166-158.ru.tuna.am/api/v1/user/portfolio?telegram_id=2054556183&offset=5&limit=5
INFO 2025-09-08 17:31:01,243 [logs.py (dispatch)] REQUEST FROM Address(host='176.15.166.158', port=0) TO https://w35umx-176-15-166-158.ru.tuna.am/api/v1/user/portfolio?telegram_id=2054556183&offset=0&limit=5
INFO 2025-09-08 17:31:11,593 [logs.py (dispatch)] REQUEST FROM Address(host='176.15.166.158', port=0) TO https://w35umx-176-15-166-158.ru.tuna.am/api/v1/skin/search?offset=5&limit=5&query=Case
INFO 2025-09-08 17:31:13,736 [logs.py (dispatch)] REQUEST FROM Address(host='176.15.166.158', port=0) TO https://w35umx-176-15-166-158.ru.tuna.am/api/v1/skin/search?offset=10&limit=5&query=Case
INFO 2025-09-08 17:31:16,341 [logs.py (dispatch)] REQUEST FROM Address(host='176.15.166.158', port=0) TO https://w35umx-176-15-166-158.ru.tuna.am/api/v1/skin/search?offset=15&limit=5&query=Case
INFO 2025-09-08 17:31:19,073 [logs.py (dispatch)] REQUEST FROM Address(host='176.15.166.158', port=0) TO https://w35umx-176-15-166-158.ru.tuna.am/api/v1/skin/search?offset=20&limit=5&query=Case
INFO 2025-09-08 17:31:20,956 [logs.py (dispatch)] REQUEST FROM Address(host='176.15.166.158', port=0) TO https://w35umx-176-15-166-158.ru.tuna.am/api/v1/skin/search?offset=15&limit=5&query=Case
INFO 2025-09-08 17:31:22,492 [logs.py (dispatch)] REQUEST FROM Address(host='176.15.166.158', port=0) TO https://w35umx-176-15-166-158.ru.tuna.am/api/v1/skin/search?offset=10&limit=5&query=Case
INFO 2025-09-08 17:31:23,748 [logs.py (dispatch)] REQUEST FROM Address(host='176.15.166.158', port=0) TO https://w35umx-176-15-166-158.ru.tuna.am/api/v1/skin/search?offset=5&limit=5&query=Case
INFO 2025-09-08 17:31:31,157 [logs.py (dispatch)] REQUEST FROM Address(host='176.15.166.158', port=0) TO https://w35umx-176-15-166-158.ru.tuna.am/api/v1/skin/search?offset=10&limit=5&query=Case
INFO 2025-09-08 17:31:34,806 [logs.py (dispatch)] REQUEST FROM Address(host='176.15.166.158', port=0) TO https://w35umx-176-15-166-158.ru.tuna.am/api/v1/skin/search?offset=15&limit=5&query=Case
INFO 2025-09-08 17:31:38,334 [logs.py (dispatch)] REQUEST FROM Address(host='176.15.166.158', port=0) TO https://w35umx-176-15-166-158.ru.tuna.am/api/v1/skin/search?offset=20&limit=5&query=Case
INFO 2025-09-08 17:31:42,571 [logs.py (dispatch)] REQUEST FROM Address(host='176.15.166.158', port=0) TO https://w35umx-176-15-166-158.ru.tuna.am/api/v1/user/portfolio?telegram_id=2054556183&skin_name=Revolver+Case
INFO 2025-09-08 17:31:46,482 [logs.py (dispatch)] REQUEST FROM Address(host='176.15.166.158', port=0) TO https://w35umx-176-15-166-158.ru.tuna.am/api/v1/user/portfolio?telegram_id=2054556183&skin_name=Revolver+Case
INFO 2025-09-08 17:31:50,091 [logs.py (dispatch)] REQUEST FROM Address(host='176.15.166.158', port=0) TO https://w35umx-176-15-166-158.ru.tuna.am/api/v1/skin/search?offset=25&limit=5&query=Case
INFO 2025-09-08 17:31:55,505 [logs.py (dispatch)] REQUEST FROM Address(host='176.15.166.158', port=0) TO https://w35umx-176-15-166-158.ru.tuna.am/api/v1/user/portfolio?telegram_id=2054556183&offset=0&limit=5
INFO 2025-09-08 17:31:58,668 [logs.py (dispatch)] REQUEST FROM Address(host='176.15.166.158', port=0) TO https://w35umx-176-15-166-158.ru.tuna.am/api/v1/user/portfolio?telegram_id=2054556183&offset=5&limit=5
INFO 2025-09-08 17:32:12,555 [logs.py (dispatch)] REQUEST FROM Address(host='176.15.166.158', port=0) TO https://w35umx-176-15-166-158.ru.tuna.am/api/v1/user/notify
INFO 2025-09-08 17:32:17,324 [logs.py (dispatch)] REQUEST FROM Address(host='176.15.166.158', port=0) TO https://w35umx-176-15-166-158.ru.tuna.am/api/v1/user/SteamInventory?telegram_id=2054556183&offset=0&limit=5
INFO 2025-09-08 17:32:25,325 [logs.py (dispatch)] REQUEST FROM Address(host='176.15.166.158', port=0) TO https://w35umx-176-15-166-158.ru.tuna.am/api/v1/user/SteamInventory?telegram_id=2054556183&offset=5&limit=5
INFO 2025-09-08 17:32:27,155 [logs.py (dispatch)] REQUEST FROM Address(host='176.15.166.158', port=0) TO https://w35umx-176-15-166-158.ru.tuna.am/api/v1/user/SteamInventory?telegram_id=2054556183&offset=10&limit=5
INFO 2025-09-08 17:32:32,009 [logs.py (dispatch)] REQUEST FROM Address(host='176.15.166.158', port=0) TO https://w35umx-176-15-166-158.ru.tuna.am/api/v1/user/SteamInventory?telegram_id=2054556183&offset=5&limit=5
INFO 2025-09-08 17:32:33,170 [logs.py (dispatch)] REQUEST FROM Address(host='176.15.166.158', port=0) TO https://w35umx-176-15-166-158.ru.tuna.am/api/v1/user/SteamInventory?telegram_id=2054556183&offset=0&limit=5
INFO 2025-09-08 17:32:35,108 [logs.py (dispatch)] REQUEST FROM Address(host='176.15.166.158', port=0) TO https://w35umx-176-15-166-158.ru.tuna.am/api/v1/user/portfolio?telegram_id=2054556183&skin_name=Snakebite+Case
INFO 2025-09-08 17:32:36,767 [logs.py (dispatch)] REQUEST FROM Address(host='176.15.166.158', port=0) TO https://w35umx-176-15-166-158.ru.tuna.am/api/v1/user/portfolio?telegram_id=2054556183&skin_name=Dreams+%26+Nightmares+Case
INFO 2025-09-08 17:32:40,997 [logs.py (dispatch)] REQUEST FROM Address(host='176.15.166.158', port=0) TO https://w35umx-176-15-166-158.ru.tuna.am/api/v1/user/portfolio?telegram_id=2054556183&skin_name=Horizon+Case
INFO 2025-09-08 17:32:42,495 [logs.py (dispatch)] REQUEST FROM Address(host='176.15.166.158', port=0) TO https://w35umx-176-15-166-158.ru.tuna.am/api/v1/user/portfolio?telegram_id=2054556183&skin_name=Shattered+Web+Case
INFO 2025-09-08 17:32:43,950 [logs.py (dispatch)] REQUEST FROM Address(host='176.15.166.158', port=0) TO https://w35umx-176-15-166-158.ru.tuna.am/api/v1/user/SteamInventory?telegram_id=2054556183&offset=5&limit=5
INFO 2025-09-08 17:32:46,118 [logs.py (dispatch)] REQUEST FROM Address(host='176.15.166.158', port=0) TO https://w35umx-176-15-166-158.ru.tuna.am/api/v1/user/portfolio?telegram_id=2054556183&skin_name=Danger+Zone+Case
INFO 2025-09-08 17:32:48,933 [logs.py (dispatch)] REQUEST FROM Address(host='176.15.166.158', port=0) TO https://w35umx-176-15-166-158.ru.tuna.am/api/v1/user/portfolio?telegram_id=2054556183&skin_name=Recoil+Case
INFO 2025-09-08 17:32:50,215 [logs.py (dispatch)] REQUEST FROM Address(host='176.15.166.158', port=0) TO https://w35umx-176-15-166-158.ru.tuna.am/api/v1/user/portfolio?telegram_id=2054556183&skin_name=Spectrum+Case
INFO 2025-09-08 17:32:51,857 [logs.py (dispatch)] REQUEST FROM Address(host='176.15.166.158', port=0) TO https://w35umx-176-15-166-158.ru.tuna.am/api/v1/user/portfolio?telegram_id=2054556183&skin_name=USP-S+%3A+Royal+Guard+%28Field-Tested%29
ERROR 2025-09-08 17:32:52,032 [logs.py (dispatch)] error
Traceback (most recent call last):
  File "C:\Users\dyadh\OneDrive\Рабочий стол\FastFy\venv\lib\site-packages\sqlalchemy\dialects\postgresql\asyncpg.py", line 545, in _prepare_and_execute
    self._rows = deque(await prepared_stmt.fetch(*parameters))
  File "C:\Users\dyadh\OneDrive\Рабочий стол\FastFy\venv\lib\site-packages\asyncpg\prepared_stmt.py", line 176, in fetch
    data = await self.__bind_execute(args, 0, timeout)
  File "C:\Users\dyadh\OneDrive\Рабочий стол\FastFy\venv\lib\site-packages\asyncpg\prepared_stmt.py", line 267, in __bind_execute
    data, status, _ = await self.__do_execute(
  File "C:\Users\dyadh\OneDrive\Рабочий стол\FastFy\venv\lib\site-packages\asyncpg\prepared_stmt.py", line 256, in __do_execute
    return await executor(protocol)
  File "asyncpg\\protocol\\protocol.pyx", line 206, in bind_execute
asyncpg.exceptions.ForeignKeyViolationError: INSERT или UPDATE в таблице "users_skins" нарушает ограничение внешнего ключа "users_skins_skin_name_fkey"
DETAIL:  Ключ (skin_name)=(USP-S : Royal Guard (Field-Tested)) отсутствует в таблице "skins".

The above exception was the direct cause of the following exception:

Traceback (most recent call last):
  File "C:\Users\dyadh\OneDrive\Рабочий стол\FastFy\venv\lib\site-packages\sqlalchemy\engine\base.py", line 1963, in _exec_single_context
    self.dialect.do_execute(
  File "C:\Users\dyadh\OneDrive\Рабочий стол\FastFy\venv\lib\site-packages\sqlalchemy\engine\default.py", line 943, in do_execute
    cursor.execute(statement, parameters)
  File "C:\Users\dyadh\OneDrive\Рабочий стол\FastFy\venv\lib\site-packages\sqlalchemy\dialects\postgresql\asyncpg.py", line 580, in execute
    self._adapt_connection.await_(
  File "C:\Users\dyadh\OneDrive\Рабочий стол\FastFy\venv\lib\site-packages\sqlalchemy\util\_concurrency_py3k.py", line 132, in await_only
    return current.parent.switch(awaitable)  # type: ignore[no-any-return,attr-defined] # noqa: E501
  File "C:\Users\dyadh\OneDrive\Рабочий стол\FastFy\venv\lib\site-packages\sqlalchemy\util\_concurrency_py3k.py", line 196, in greenlet_spawn
    value = await result
  File "C:\Users\dyadh\OneDrive\Рабочий стол\FastFy\venv\lib\site-packages\sqlalchemy\dialects\postgresql\asyncpg.py", line 558, in _prepare_and_execute
    self._handle_exception(error)
  File "C:\Users\dyadh\OneDrive\Рабочий стол\FastFy\venv\lib\site-packages\sqlalchemy\dialects\postgresql\asyncpg.py", line 508, in _handle_exception
    self._adapt_connection._handle_exception(error)
  File "C:\Users\dyadh\OneDrive\Рабочий стол\FastFy\venv\lib\site-packages\sqlalchemy\dialects\postgresql\asyncpg.py", line 792, in _handle_exception
    raise translated_error from error
sqlalchemy.dialects.postgresql.asyncpg.AsyncAdapt_asyncpg_dbapi.IntegrityError: <class 'asyncpg.exceptions.ForeignKeyViolationError'>: INSERT или UPDATE в таблице "users_skins" нарушает ограничение внешнего ключа "users_skins_skin_name_fkey"
DETAIL:  Ключ (skin_name)=(USP-S : Royal Guard (Field-Tested)) отсутствует в таблице "skins".

The above exception was the direct cause of the following exception:

Traceback (most recent call last):
  File "C:\Users\dyadh\OneDrive\Рабочий стол\FastFy\backend\app\api\v1\middleware\logs.py", line 15, in dispatch
    return await call_next(request)
  File "C:\Users\dyadh\OneDrive\Рабочий стол\FastFy\venv\lib\site-packages\starlette\middleware\base.py", line 156, in call_next
    raise app_exc
  File "C:\Users\dyadh\OneDrive\Рабочий стол\FastFy\venv\lib\site-packages\starlette\middleware\base.py", line 141, in coro
    await self.app(scope, receive_or_disconnect, send_no_error)
  File "C:\Users\dyadh\OneDrive\Рабочий стол\FastFy\venv\lib\site-packages\starlette\middleware\exceptions.py", line 62, in __call__
    await wrap_app_handling_exceptions(self.app, conn)(scope, receive, send)
  File "C:\Users\dyadh\OneDrive\Рабочий стол\FastFy\venv\lib\site-packages\starlette\_exception_handler.py", line 53, in wrapped_app
    raise exc
  File "C:\Users\dyadh\OneDrive\Рабочий стол\FastFy\venv\lib\site-packages\starlette\_exception_handler.py", line 42, in wrapped_app
    await app(scope, receive, sender)
  File "C:\Users\dyadh\OneDrive\Рабочий стол\FastFy\venv\lib\site-packages\starlette\routing.py", line 714, in __call__
    await self.middleware_stack(scope, receive, send)
  File "C:\Users\dyadh\OneDrive\Рабочий стол\FastFy\venv\lib\site-packages\starlette\routing.py", line 734, in app
    await route.handle(scope, receive, send)
  File "C:\Users\dyadh\OneDrive\Рабочий стол\FastFy\venv\lib\site-packages\starlette\routing.py", line 288, in handle
    await self.app(scope, receive, send)
  File "C:\Users\dyadh\OneDrive\Рабочий стол\FastFy\venv\lib\site-packages\starlette\routing.py", line 76, in app
    await wrap_app_handling_exceptions(app, request)(scope, receive, send)
  File "C:\Users\dyadh\OneDrive\Рабочий стол\FastFy\venv\lib\site-packages\starlette\_exception_handler.py", line 53, in wrapped_app
    raise exc
  File "C:\Users\dyadh\OneDrive\Рабочий стол\FastFy\venv\lib\site-packages\starlette\_exception_handler.py", line 42, in wrapped_app
    await app(scope, receive, sender)
  File "C:\Users\dyadh\OneDrive\Рабочий стол\FastFy\venv\lib\site-packages\starlette\routing.py", line 73, in app
    response = await f(request)
  File "C:\Users\dyadh\OneDrive\Рабочий стол\FastFy\venv\lib\site-packages\fastapi\routing.py", line 301, in app
    raw_response = await run_endpoint_function(
  File "C:\Users\dyadh\OneDrive\Рабочий стол\FastFy\venv\lib\site-packages\fastapi\routing.py", line 212, in run_endpoint_function
    return await dependant.call(**values)
  File "C:\Users\dyadh\OneDrive\Рабочий стол\FastFy\backend\app\api\v1\routers\user_portfolio\router.py", line 86, in post_portfolio
    result = await service.post_portfolio(
  File "C:\Users\dyadh\OneDrive\Рабочий стол\FastFy\backend\app\api\v1\routers\user_portfolio\service.py", line 87, in post_portfolio
    await self.portfolio_repository.create(
  File "C:\Users\dyadh\OneDrive\Рабочий стол\FastFy\backend\app\db\repository\base.py", line 126, in create
    result = await session.execute(sttm)
  File "C:\Users\dyadh\OneDrive\Рабочий стол\FastFy\venv\lib\site-packages\sqlalchemy\ext\asyncio\session.py", line 463, in execute
    result = await greenlet_spawn(
  File "C:\Users\dyadh\OneDrive\Рабочий стол\FastFy\venv\lib\site-packages\sqlalchemy\util\_concurrency_py3k.py", line 201, in greenlet_spawn
    result = context.throw(*sys.exc_info())
  File "C:\Users\dyadh\OneDrive\Рабочий стол\FastFy\venv\lib\site-packages\sqlalchemy\orm\session.py", line 2365, in execute
    return self._execute_internal(
  File "C:\Users\dyadh\OneDrive\Рабочий стол\FastFy\venv\lib\site-packages\sqlalchemy\orm\session.py", line 2251, in _execute_internal
    result: Result[Any] = compile_state_cls.orm_execute_statement(
  File "C:\Users\dyadh\OneDrive\Рабочий стол\FastFy\venv\lib\site-packages\sqlalchemy\orm\bulk_persistence.py", line 1294, in orm_execute_statement
    result = conn.execute(
  File "C:\Users\dyadh\OneDrive\Рабочий стол\FastFy\venv\lib\site-packages\sqlalchemy\engine\base.py", line 1415, in execute
    return meth(
  File "C:\Users\dyadh\OneDrive\Рабочий стол\FastFy\venv\lib\site-packages\sqlalchemy\sql\elements.py", line 523, in _execute_on_connection
    return connection._execute_clauseelement(
  File "C:\Users\dyadh\OneDrive\Рабочий стол\FastFy\venv\lib\site-packages\sqlalchemy\engine\base.py", line 1637, in _execute_clauseelement
    ret = self._execute_context(
  File "C:\Users\dyadh\OneDrive\Рабочий стол\FastFy\venv\lib\site-packages\sqlalchemy\engine\base.py", line 1842, in _execute_context
    return self._exec_single_context(
  File "C:\Users\dyadh\OneDrive\Рабочий стол\FastFy\venv\lib\site-packages\sqlalchemy\engine\base.py", line 1982, in _exec_single_context
    self._handle_dbapi_exception(
  File "C:\Users\dyadh\OneDrive\Рабочий стол\FastFy\venv\lib\site-packages\sqlalchemy\engine\base.py", line 2351, in _handle_dbapi_exception
    raise sqlalchemy_exception.with_traceback(exc_info[2]) from e
  File "C:\Users\dyadh\OneDrive\Рабочий стол\FastFy\venv\lib\site-packages\sqlalchemy\engine\base.py", line 1963, in _exec_single_context
    self.dialect.do_execute(
  File "C:\Users\dyadh\OneDrive\Рабочий стол\FastFy\venv\lib\site-packages\sqlalchemy\engine\default.py", line 943, in do_execute
    cursor.execute(statement, parameters)
  File "C:\Users\dyadh\OneDrive\Рабочий стол\FastFy\venv\lib\site-packages\sqlalchemy\dialects\postgresql\asyncpg.py", line 580, in execute
    self._adapt_connection.await_(
  File "C:\Users\dyadh\OneDrive\Рабочий стол\FastFy\venv\lib\site-packages\sqlalchemy\util\_concurrency_py3k.py", line 132, in await_only
    return current.parent.switch(awaitable)  # type: ignore[no-any-return,attr-defined] # noqa: E501
  File "C:\Users\dyadh\OneDrive\Рабочий стол\FastFy\venv\lib\site-packages\sqlalchemy\util\_concurrency_py3k.py", line 196, in greenlet_spawn
    value = await result
  File "C:\Users\dyadh\OneDrive\Рабочий стол\FastFy\venv\lib\site-packages\sqlalchemy\dialects\postgresql\asyncpg.py", line 558, in _prepare_and_execute
    self._handle_exception(error)
  File "C:\Users\dyadh\OneDrive\Рабочий стол\FastFy\venv\lib\site-packages\sqlalchemy\dialects\postgresql\asyncpg.py", line 508, in _handle_exception
    self._adapt_connection._handle_exception(error)
  File "C:\Users\dyadh\OneDrive\Рабочий стол\FastFy\venv\lib\site-packages\sqlalchemy\dialects\postgresql\asyncpg.py", line 792, in _handle_exception
    raise translated_error from error
sqlalchemy.exc.IntegrityError: (sqlalchemy.dialects.postgresql.asyncpg.IntegrityError) <class 'asyncpg.exceptions.ForeignKeyViolationError'>: INSERT или UPDATE в таблице "users_skins" нарушает ограничение внешнего ключа "users_skins_skin_name_fkey"
DETAIL:  Ключ (skin_name)=(USP-S : Royal Guard (Field-Tested)) отсутствует в таблице "skins".
[SQL: INSERT INTO users_skins (uuid, user_uuid, skin_name) VALUES ($1::UUID, $2::UUID, $3::VARCHAR) RETURNING users_skins.uuid]
[parameters: ('4a96b317-b24e-4598-bafe-3ccb7c6ed8cf', '231ecbfa-a171-430c-962a-0c32d4afdbb5', 'USP-S : Royal Guard (Field-Tested)')]
(Background on this error at: https://sqlalche.me/e/20/gkpj)
INFO 2025-09-08 17:32:56,534 [logs.py (dispatch)] REQUEST FROM Address(host='176.15.166.158', port=0) TO https://w35umx-176-15-166-158.ru.tuna.am/api/v1/user/portfolio?telegram_id=2054556183&skin_name=USP-S+%3A+Royal+Guard+%28Field-Tested%29
ERROR 2025-09-08 17:32:56,601 [logs.py (dispatch)] error
Traceback (most recent call last):
  File "C:\Users\dyadh\OneDrive\Рабочий стол\FastFy\venv\lib\site-packages\sqlalchemy\dialects\postgresql\asyncpg.py", line 545, in _prepare_and_execute
    self._rows = deque(await prepared_stmt.fetch(*parameters))
  File "C:\Users\dyadh\OneDrive\Рабочий стол\FastFy\venv\lib\site-packages\asyncpg\prepared_stmt.py", line 176, in fetch
    data = await self.__bind_execute(args, 0, timeout)
  File "C:\Users\dyadh\OneDrive\Рабочий стол\FastFy\venv\lib\site-packages\asyncpg\prepared_stmt.py", line 267, in __bind_execute
    data, status, _ = await self.__do_execute(
  File "C:\Users\dyadh\OneDrive\Рабочий стол\FastFy\venv\lib\site-packages\asyncpg\prepared_stmt.py", line 256, in __do_execute
    return await executor(protocol)
  File "asyncpg\\protocol\\protocol.pyx", line 206, in bind_execute
asyncpg.exceptions.ForeignKeyViolationError: INSERT или UPDATE в таблице "users_skins" нарушает ограничение внешнего ключа "users_skins_skin_name_fkey"
DETAIL:  Ключ (skin_name)=(USP-S : Royal Guard (Field-Tested)) отсутствует в таблице "skins".

The above exception was the direct cause of the following exception:

Traceback (most recent call last):
  File "C:\Users\dyadh\OneDrive\Рабочий стол\FastFy\venv\lib\site-packages\sqlalchemy\engine\base.py", line 1963, in _exec_single_context
    self.dialect.do_execute(
  File "C:\Users\dyadh\OneDrive\Рабочий стол\FastFy\venv\lib\site-packages\sqlalchemy\engine\default.py", line 943, in do_execute
    cursor.execute(statement, parameters)
  File "C:\Users\dyadh\OneDrive\Рабочий стол\FastFy\venv\lib\site-packages\sqlalchemy\dialects\postgresql\asyncpg.py", line 580, in execute
    self._adapt_connection.await_(
  File "C:\Users\dyadh\OneDrive\Рабочий стол\FastFy\venv\lib\site-packages\sqlalchemy\util\_concurrency_py3k.py", line 132, in await_only
    return current.parent.switch(awaitable)  # type: ignore[no-any-return,attr-defined] # noqa: E501
  File "C:\Users\dyadh\OneDrive\Рабочий стол\FastFy\venv\lib\site-packages\sqlalchemy\util\_concurrency_py3k.py", line 196, in greenlet_spawn
    value = await result
  File "C:\Users\dyadh\OneDrive\Рабочий стол\FastFy\venv\lib\site-packages\sqlalchemy\dialects\postgresql\asyncpg.py", line 558, in _prepare_and_execute
    self._handle_exception(error)
  File "C:\Users\dyadh\OneDrive\Рабочий стол\FastFy\venv\lib\site-packages\sqlalchemy\dialects\postgresql\asyncpg.py", line 508, in _handle_exception
    self._adapt_connection._handle_exception(error)
  File "C:\Users\dyadh\OneDrive\Рабочий стол\FastFy\venv\lib\site-packages\sqlalchemy\dialects\postgresql\asyncpg.py", line 792, in _handle_exception
    raise translated_error from error
sqlalchemy.dialects.postgresql.asyncpg.AsyncAdapt_asyncpg_dbapi.IntegrityError: <class 'asyncpg.exceptions.ForeignKeyViolationError'>: INSERT или UPDATE в таблице "users_skins" нарушает ограничение внешнего ключа "users_skins_skin_name_fkey"
DETAIL:  Ключ (skin_name)=(USP-S : Royal Guard (Field-Tested)) отсутствует в таблице "skins".

The above exception was the direct cause of the following exception:

Traceback (most recent call last):
  File "C:\Users\dyadh\OneDrive\Рабочий стол\FastFy\backend\app\api\v1\middleware\logs.py", line 15, in dispatch
    return await call_next(request)
  File "C:\Users\dyadh\OneDrive\Рабочий стол\FastFy\venv\lib\site-packages\starlette\middleware\base.py", line 156, in call_next
    raise app_exc
  File "C:\Users\dyadh\OneDrive\Рабочий стол\FastFy\venv\lib\site-packages\starlette\middleware\base.py", line 141, in coro
    await self.app(scope, receive_or_disconnect, send_no_error)
  File "C:\Users\dyadh\OneDrive\Рабочий стол\FastFy\venv\lib\site-packages\starlette\middleware\exceptions.py", line 62, in __call__
    await wrap_app_handling_exceptions(self.app, conn)(scope, receive, send)
  File "C:\Users\dyadh\OneDrive\Рабочий стол\FastFy\venv\lib\site-packages\starlette\_exception_handler.py", line 53, in wrapped_app
    raise exc
  File "C:\Users\dyadh\OneDrive\Рабочий стол\FastFy\venv\lib\site-packages\starlette\_exception_handler.py", line 42, in wrapped_app
    await app(scope, receive, sender)
  File "C:\Users\dyadh\OneDrive\Рабочий стол\FastFy\venv\lib\site-packages\starlette\routing.py", line 714, in __call__
    await self.middleware_stack(scope, receive, send)
  File "C:\Users\dyadh\OneDrive\Рабочий стол\FastFy\venv\lib\site-packages\starlette\routing.py", line 734, in app
    await route.handle(scope, receive, send)
  File "C:\Users\dyadh\OneDrive\Рабочий стол\FastFy\venv\lib\site-packages\starlette\routing.py", line 288, in handle
    await self.app(scope, receive, send)
  File "C:\Users\dyadh\OneDrive\Рабочий стол\FastFy\venv\lib\site-packages\starlette\routing.py", line 76, in app
    await wrap_app_handling_exceptions(app, request)(scope, receive, send)
  File "C:\Users\dyadh\OneDrive\Рабочий стол\FastFy\venv\lib\site-packages\starlette\_exception_handler.py", line 53, in wrapped_app
    raise exc
  File "C:\Users\dyadh\OneDrive\Рабочий стол\FastFy\venv\lib\site-packages\starlette\_exception_handler.py", line 42, in wrapped_app
    await app(scope, receive, sender)
  File "C:\Users\dyadh\OneDrive\Рабочий стол\FastFy\venv\lib\site-packages\starlette\routing.py", line 73, in app
    response = await f(request)
  File "C:\Users\dyadh\OneDrive\Рабочий стол\FastFy\venv\lib\site-packages\fastapi\routing.py", line 301, in app
    raw_response = await run_endpoint_function(
  File "C:\Users\dyadh\OneDrive\Рабочий стол\FastFy\venv\lib\site-packages\fastapi\routing.py", line 212, in run_endpoint_function
    return await dependant.call(**values)
  File "C:\Users\dyadh\OneDrive\Рабочий стол\FastFy\backend\app\api\v1\routers\user_portfolio\router.py", line 86, in post_portfolio
    result = await service.post_portfolio(
  File "C:\Users\dyadh\OneDrive\Рабочий стол\FastFy\backend\app\api\v1\routers\user_portfolio\service.py", line 87, in post_portfolio
    await self.portfolio_repository.create(
  File "C:\Users\dyadh\OneDrive\Рабочий стол\FastFy\backend\app\db\repository\base.py", line 126, in create
    result = await session.execute(sttm)
  File "C:\Users\dyadh\OneDrive\Рабочий стол\FastFy\venv\lib\site-packages\sqlalchemy\ext\asyncio\session.py", line 463, in execute
    result = await greenlet_spawn(
  File "C:\Users\dyadh\OneDrive\Рабочий стол\FastFy\venv\lib\site-packages\sqlalchemy\util\_concurrency_py3k.py", line 201, in greenlet_spawn
    result = context.throw(*sys.exc_info())
  File "C:\Users\dyadh\OneDrive\Рабочий стол\FastFy\venv\lib\site-packages\sqlalchemy\orm\session.py", line 2365, in execute
    return self._execute_internal(
  File "C:\Users\dyadh\OneDrive\Рабочий стол\FastFy\venv\lib\site-packages\sqlalchemy\orm\session.py", line 2251, in _execute_internal
    result: Result[Any] = compile_state_cls.orm_execute_statement(
  File "C:\Users\dyadh\OneDrive\Рабочий стол\FastFy\venv\lib\site-packages\sqlalchemy\orm\bulk_persistence.py", line 1294, in orm_execute_statement
    result = conn.execute(
  File "C:\Users\dyadh\OneDrive\Рабочий стол\FastFy\venv\lib\site-packages\sqlalchemy\engine\base.py", line 1415, in execute
    return meth(
  File "C:\Users\dyadh\OneDrive\Рабочий стол\FastFy\venv\lib\site-packages\sqlalchemy\sql\elements.py", line 523, in _execute_on_connection
    return connection._execute_clauseelement(
  File "C:\Users\dyadh\OneDrive\Рабочий стол\FastFy\venv\lib\site-packages\sqlalchemy\engine\base.py", line 1637, in _execute_clauseelement
    ret = self._execute_context(
  File "C:\Users\dyadh\OneDrive\Рабочий стол\FastFy\venv\lib\site-packages\sqlalchemy\engine\base.py", line 1842, in _execute_context
    return self._exec_single_context(
  File "C:\Users\dyadh\OneDrive\Рабочий стол\FastFy\venv\lib\site-packages\sqlalchemy\engine\base.py", line 1982, in _exec_single_context
    self._handle_dbapi_exception(
  File "C:\Users\dyadh\OneDrive\Рабочий стол\FastFy\venv\lib\site-packages\sqlalchemy\engine\base.py", line 2351, in _handle_dbapi_exception
    raise sqlalchemy_exception.with_traceback(exc_info[2]) from e
  File "C:\Users\dyadh\OneDrive\Рабочий стол\FastFy\venv\lib\site-packages\sqlalchemy\engine\base.py", line 1963, in _exec_single_context
    self.dialect.do_execute(
  File "C:\Users\dyadh\OneDrive\Рабочий стол\FastFy\venv\lib\site-packages\sqlalchemy\engine\default.py", line 943, in do_execute
    cursor.execute(statement, parameters)
  File "C:\Users\dyadh\OneDrive\Рабочий стол\FastFy\venv\lib\site-packages\sqlalchemy\dialects\postgresql\asyncpg.py", line 580, in execute
    self._adapt_connection.await_(
  File "C:\Users\dyadh\OneDrive\Рабочий стол\FastFy\venv\lib\site-packages\sqlalchemy\util\_concurrency_py3k.py", line 132, in await_only
    return current.parent.switch(awaitable)  # type: ignore[no-any-return,attr-defined] # noqa: E501
  File "C:\Users\dyadh\OneDrive\Рабочий стол\FastFy\venv\lib\site-packages\sqlalchemy\util\_concurrency_py3k.py", line 196, in greenlet_spawn
    value = await result
  File "C:\Users\dyadh\OneDrive\Рабочий стол\FastFy\venv\lib\site-packages\sqlalchemy\dialects\postgresql\asyncpg.py", line 558, in _prepare_and_execute
    self._handle_exception(error)
  File "C:\Users\dyadh\OneDrive\Рабочий стол\FastFy\venv\lib\site-packages\sqlalchemy\dialects\postgresql\asyncpg.py", line 508, in _handle_exception
    self._adapt_connection._handle_exception(error)
  File "C:\Users\dyadh\OneDrive\Рабочий стол\FastFy\venv\lib\site-packages\sqlalchemy\dialects\postgresql\asyncpg.py", line 792, in _handle_exception
    raise translated_error from error
sqlalchemy.exc.IntegrityError: (sqlalchemy.dialects.postgresql.asyncpg.IntegrityError) <class 'asyncpg.exceptions.ForeignKeyViolationError'>: INSERT или UPDATE в таблице "users_skins" нарушает ограничение внешнего ключа "users_skins_skin_name_fkey"
DETAIL:  Ключ (skin_name)=(USP-S : Royal Guard (Field-Tested)) отсутствует в таблице "skins".
[SQL: INSERT INTO users_skins (uuid, user_uuid, skin_name) VALUES ($1::UUID, $2::UUID, $3::VARCHAR) RETURNING users_skins.uuid]
[parameters: ('17f336f2-6e2f-4e62-b5d2-a611b6d8d25e', '231ecbfa-a171-430c-962a-0c32d4afdbb5', 'USP-S : Royal Guard (Field-Tested)')]
(Background on this error at: https://sqlalche.me/e/20/gkpj)
INFO 2025-09-08 17:35:07,872 [logs.py (dispatch)] REQUEST FROM Address(host='176.15.166.158', port=0) TO https://w35umx-176-15-166-158.ru.tuna.am/api/v1/user?telegram_id=2054556183
INFO 2025-09-08 17:35:08,208 [logs.py (dispatch)] REQUEST FROM Address(host='176.15.166.158', port=0) TO https://w35umx-176-15-166-158.ru.tuna.am/api/v1/user/portfolio?telegram_id=2054556183&skin_name=USP-S+%7C+Royal+Guard+%28Field-Tested%29
INFO 2025-09-08 17:35:18,076 [logs.py (dispatch)] REQUEST FROM Address(host='176.15.166.158', port=0) TO https://w35umx-176-15-166-158.ru.tuna.am/api/v1/user/portfolio?telegram_id=2054556183&skin_name=Spectrum+Case
INFO 2025-09-08 17:35:20,205 [logs.py (dispatch)] REQUEST FROM Address(host='176.15.166.158', port=0) TO https://w35umx-176-15-166-158.ru.tuna.am/api/v1/user/SteamInventory?telegram_id=2054556183&offset=10&limit=5
INFO 2025-09-08 17:35:30,852 [logs.py (dispatch)] REQUEST FROM Address(host='176.15.166.158', port=0) TO https://w35umx-176-15-166-158.ru.tuna.am/api/v1/user/portfolio?telegram_id=2054556183&skin_name=Spectrum+2+Case
INFO 2025-09-08 17:35:48,447 [logs.py (dispatch)] REQUEST FROM Address(host='176.15.166.158', port=0) TO https://w35umx-176-15-166-158.ru.tuna.am/api/v1/user/portfolio?telegram_id=2054556183&skin_name=Revolution+Case
INFO 2025-09-08 17:35:51,336 [logs.py (dispatch)] REQUEST FROM Address(host='176.15.166.158', port=0) TO https://w35umx-176-15-166-158.ru.tuna.am/api/v1/user/SteamInventory?telegram_id=2054556183&offset=15&limit=5
INFO 2025-09-08 17:35:56,088 [logs.py (dispatch)] REQUEST FROM Address(host='176.15.166.158', port=0) TO https://w35umx-176-15-166-158.ru.tuna.am/api/v1/user/SteamInventory?telegram_id=2054556183&offset=20&limit=5
INFO 2025-09-08 17:36:00,247 [logs.py (dispatch)] REQUEST FROM Address(host='176.15.166.158', port=0) TO https://w35umx-176-15-166-158.ru.tuna.am/api/v1/user/portfolio?telegram_id=2054556183&skin_name=Fracture+Case
INFO 2025-09-08 17:36:02,075 [logs.py (dispatch)] REQUEST FROM Address(host='176.15.166.158', port=0) TO https://w35umx-176-15-166-158.ru.tuna.am/api/v1/user/portfolio?telegram_id=2054556183&skin_name=Operation+Riptide+Case
INFO 2025-09-08 17:36:05,174 [logs.py (dispatch)] REQUEST FROM Address(host='176.15.166.158', port=0) TO https://w35umx-176-15-166-158.ru.tuna.am/api/v1/user/SteamInventory?telegram_id=2054556183&offset=25&limit=5
INFO 2025-09-08 17:36:07,734 [logs.py (dispatch)] REQUEST FROM Address(host='176.15.166.158', port=0) TO https://w35umx-176-15-166-158.ru.tuna.am/api/v1/user/portfolio?telegram_id=2054556183&skin_name=AK-47+%7C+Leet+Museo+%28Well-Worn%29
INFO 2025-09-08 17:36:10,954 [logs.py (dispatch)] REQUEST FROM Address(host='176.15.166.158', port=0) TO https://w35umx-176-15-166-158.ru.tuna.am/api/v1/user/portfolio?telegram_id=2054556183&offset=0&limit=5
INFO 2025-09-08 17:36:15,113 [logs.py (dispatch)] REQUEST FROM Address(host='176.15.166.158', port=0) TO https://w35umx-176-15-166-158.ru.tuna.am/api/v1/user/portfolio?telegram_id=2054556183&offset=5&limit=5
INFO 2025-09-08 17:36:18,695 [logs.py (dispatch)] REQUEST FROM Address(host='176.15.166.158', port=0) TO https://w35umx-176-15-166-158.ru.tuna.am/api/v1/user/portfolio?telegram_id=2054556183&offset=10&limit=5
INFO 2025-09-08 17:36:27,855 [logs.py (dispatch)] REQUEST FROM Address(host='176.15.166.158', port=0) TO https://w35umx-176-15-166-158.ru.tuna.am/api/v1/skin?skin_name=AK-47+%7C+Leet+Museo+%28Well-Worn%29
INFO 2025-09-08 17:39:51,562 [logs.py (dispatch)] REQUEST FROM Address(host='176.15.166.158', port=0) TO https://w35umx-176-15-166-158.ru.tuna.am/api/v1/user?telegram_id=2054556183
INFO 2025-09-08 17:39:51,892 [logs.py (dispatch)] REQUEST FROM Address(host='176.15.166.158', port=0) TO https://w35umx-176-15-166-158.ru.tuna.am/api/v1/skin?skin_name=AK-47+%7C+Leet+Museo+%28Well-Worn%29
INFO 2025-09-08 17:51:41,349 [logs.py (dispatch)] REQUEST FROM Address(host='176.15.166.158', port=0) TO https://w35umx-176-15-166-158.ru.tuna.am/api/v1/user?telegram_id=2054556183
INFO 2025-09-08 17:51:41,916 [logs.py (dispatch)] REQUEST FROM Address(host='176.15.166.158', port=0) TO https://w35umx-176-15-166-158.ru.tuna.am/api/v1/skin?skin_name=AK-47+%5C%7C+Leet+Museo+%5C%28Well-Worn%5C%29
